[0.067s] Invoking command in '/home/azraa/ros2_ws/build/flir_lepton_ros2': CMAKE_PREFIX_PATH=/home/azraa/ros2_ws/install/m2s2_custom_interfaces:/home/azraa/ros2_ws/install/v4l2_camera:/home/azraa/ros2_ws/install/audio_common:/home/azraa/ros2_ws/install/sound_play:/home/azraa/ros2_ws/install/my_robot_bringup:/home/azraa/ros2_ws/install/my_cpp_pkg:/home/azraa/ros2_ws/install/my_robot_interfaces:/home/azraa/ros2_ws/install/flir_lepton_capture:/home/azraa/ros2_ws/install/bme280:/home/azraa/ros2_ws/install/m2s2_bringup:/home/azraa/ros2_ws/install/gscam:/home/azraa/ros2_ws/install/flir_lepton_msgs:/home/azraa/ros2_ws/install/audio_play:/home/azraa/ros2_ws/install/audio_capture:/home/azraa/ros2_ws/install/audio_common_msgs:/home/azraa/ros2_ws/install/m2s2_test_python:/home/azraa/ros2_ws/install/flir_lepton_purethermal2:/opt/ros/foxy:/opt/ros/noetic LD_LIBRARY_PATH=/home/azraa/ros2_ws/install/m2s2_custom_interfaces/lib:/home/azraa/ros2_ws/install/v4l2_camera/lib:/home/azraa/ros2_ws/install/sound_play/lib:/home/azraa/ros2_ws/install/my_robot_interfaces/lib:/home/azraa/ros2_ws/install/gscam/lib:/home/azraa/ros2_ws/install/flir_lepton_msgs/lib:/home/azraa/ros2_ws/install/audio_common_msgs/lib:/opt/ros/foxy/opt/yaml_cpp_vendor/lib:/opt/ros/foxy/opt/rviz_ogre_vendor/lib:/opt/ros/foxy/lib/x86_64-linux-gnu:/opt/ros/foxy/lib:/opt/ros/noetic/lib PYTHONPATH=/home/azraa/ros2_ws/install/m2s2_custom_interfaces/lib/python3.8/site-packages:/home/azraa/ros2_ws/install/sound_play/lib/python3.8/site-packages:/home/azraa/ros2_ws/install/my_robot_interfaces/lib/python3.8/site-packages:/home/azraa/ros2_ws/install/my_python_pkg/lib/python3.8/site-packages:/home/azraa/ros2_ws/install/my_py_pkg/lib/python3.8/site-packages:/home/azraa/ros2_ws/install/m2s2_test_python/lib/python3.8/site-packages:/home/azraa/ros2_ws/install/flir_lepton_purethermal2/lib/python3.8/site-packages:/home/azraa/ros2_ws/install/flir_lepton_msgs/lib/python3.8/site-packages:/home/azraa/ros2_ws/install/audio_common_msgs/lib/python3.8/site-packages:/opt/ros/foxy/lib/python3.8/site-packages:/opt/ros/noetic/lib/python3/dist-packages /usr/bin/cmake --build /home/azraa/ros2_ws/build/flir_lepton_ros2 -- -j4 -l4
[0.216s] [35m[1mScanning dependencies of target lepton_capture[0m
[0.340s] [ 50%] [32mBuilding CXX object CMakeFiles/lepton_capture.dir/src/lepton_capture.cpp.o[0m
[4.541s] [01m[K/home/azraa/ros2_ws/src/M2S2/flir_lepton_ros2/src/lepton_capture.cpp:75:18:[m[K [01;31m[Kerror: [m[Kexpected class-name before â€˜[01m[K([m[Kâ€™ token
[4.541s]    75 |     ~videoCapture[01;31m[K([m[K) {
[4.541s]       |                  [01;31m[K^[m[K
[4.549s] [01m[K/home/azraa/ros2_ws/src/M2S2/flir_lepton_ros2/src/lepton_capture.cpp:87:25:[m[K [01;31m[Kerror: [m[Kâ€˜[01m[Ksensor_msgs[m[Kâ€™ does not name a type
[4.550s]    87 |     void publish( const [01;31m[Ksensor_msgs[m[K::CompressedImage &msg )
[4.550s]       |                         [01;31m[K^~~~~~~~~~~[m[K
[4.550s] [01m[K/home/azraa/ros2_ws/src/M2S2/flir_lepton_ros2/src/lepton_capture.cpp:87:54:[m[K [01;31m[Kerror: [m[Kexpected unqualified-id before â€˜[01m[K&[m[Kâ€™ token
[4.550s]    87 |     void publish( const sensor_msgs::CompressedImage [01;31m[K&[m[Kmsg )
[4.550s]       |                                                      [01;31m[K^[m[K
[4.551s] [01m[K/home/azraa/ros2_ws/src/M2S2/flir_lepton_ros2/src/lepton_capture.cpp:87:53:[m[K [01;31m[Kerror: [m[Kexpected â€˜[01m[K)[m[Kâ€™ before â€˜[01m[K&[m[Kâ€™ token
[4.551s]    87 |     void publish[34m[K([m[K const sensor_msgs::CompressedImage[01;31m[K [m[K[32m[K&[m[Kmsg )
[4.551s]       |                 [34m[K~[m[K                                   [01;31m[K^[m[K[32m[K~[m[K
[4.551s]       |                                                     [32m[K)[m[K
[4.551s] [01m[K/home/azraa/ros2_ws/src/M2S2/flir_lepton_ros2/src/lepton_capture.cpp:87:54:[m[K [01;31m[Kerror: [m[Kexpected â€˜[01m[K;[m[Kâ€™ at end of member declaration
[4.551s]    87 |     void publish( const sensor_msgs::CompressedImage [01;31m[K&[m[Kmsg )
[4.551s]       |                                                      [01;31m[K^[m[K
[4.552s]       |                                                       [32m[K;[m[K
[4.553s] [01m[K/home/azraa/ros2_ws/src/M2S2/flir_lepton_ros2/src/lepton_capture.cpp:87:55:[m[K [01;31m[Kerror: [m[Kâ€˜[01m[Kmsg[m[Kâ€™ does not name a type
[4.553s]    87 |     void publish( const sensor_msgs::CompressedImage &[01;31m[Kmsg[m[K )
[4.553s]       |                                                       [01;31m[K^~~[m[K
[4.573s] [01m[K/home/azraa/ros2_ws/src/M2S2/flir_lepton_ros2/src/lepton_capture.cpp:[m[K In static member function â€˜[01m[Kstatic GstFlowReturn lepton_capture::LeptonGstCapture::onNewBuffer(GstAppSink*, gpointer)[m[Kâ€™:
[4.574s] [01m[K/home/azraa/ros2_ws/src/M2S2/flir_lepton_ros2/src/lepton_capture.cpp:113:12:[m[K [01;31m[Kerror: [m[Kbase operand of â€˜[01m[K->[m[Kâ€™ has non-pointer type â€˜[01m[Km2s2_custom_interfaces::msg::RawLeptonData[m[Kâ€™ {aka â€˜[01m[Km2s2_custom_interfaces::msg::RawLeptonData_<std::allocator<void> >[m[Kâ€™}
[4.574s]   113 |         msg[01;31m[K->[m[Kraw_values.layout.data_offset = 0;
[4.574s]       |            [01;31m[K^~[m[K
[4.574s] [01m[K/home/azraa/ros2_ws/src/M2S2/flir_lepton_ros2/src/lepton_capture.cpp:124:32:[m[K [01;31m[Kerror: [m[Kcannot call member function â€˜[01m[Krclcpp::Time rclcpp::Node::now() const[m[Kâ€™ without object
[4.574s]   124 |         msg.header.stamp = now([01;31m[K)[m[K;
[4.574s]       |                                [01;31m[K^[m[K
[4.575s] [01m[K/home/azraa/ros2_ws/src/M2S2/flir_lepton_ros2/src/lepton_capture.cpp:[m[K In static member function â€˜[01m[Kstatic gboolean lepton_capture::LeptonGstCapture::onMessage(GstBus*, GstMessage*, gpointer)[m[Kâ€™:
[4.575s] [01m[K/home/azraa/ros2_ws/src/M2S2/flir_lepton_ros2/src/lepton_capture.cpp:130:40:[m[K [01;35m[Kwarning: [m[Kunused parameter â€˜[01m[Kbus[m[Kâ€™ [[01;35m[K-Wunused-parameter[m[K]
[4.575s]   130 |     static gboolean onMessage ([01;35m[KGstBus *bus[m[K, GstMessage *message, gpointer userData)
[4.575s]       |                                [01;35m[K~~~~~~~~^~~[m[K
[6.156s] make[2]: *** [CMakeFiles/lepton_capture.dir/build.make:63: CMakeFiles/lepton_capture.dir/src/lepton_capture.cpp.o] Error 1
[6.156s] make[1]: *** [CMakeFiles/Makefile2:78: CMakeFiles/lepton_capture.dir/all] Error 2
[6.156s] make: *** [Makefile:141: all] Error 2
[6.169s] Invoked command in '/home/azraa/ros2_ws/build/flir_lepton_ros2' returned '2': CMAKE_PREFIX_PATH=/home/azraa/ros2_ws/install/m2s2_custom_interfaces:/home/azraa/ros2_ws/install/v4l2_camera:/home/azraa/ros2_ws/install/audio_common:/home/azraa/ros2_ws/install/sound_play:/home/azraa/ros2_ws/install/my_robot_bringup:/home/azraa/ros2_ws/install/my_cpp_pkg:/home/azraa/ros2_ws/install/my_robot_interfaces:/home/azraa/ros2_ws/install/flir_lepton_capture:/home/azraa/ros2_ws/install/bme280:/home/azraa/ros2_ws/install/m2s2_bringup:/home/azraa/ros2_ws/install/gscam:/home/azraa/ros2_ws/install/flir_lepton_msgs:/home/azraa/ros2_ws/install/audio_play:/home/azraa/ros2_ws/install/audio_capture:/home/azraa/ros2_ws/install/audio_common_msgs:/home/azraa/ros2_ws/install/m2s2_test_python:/home/azraa/ros2_ws/install/flir_lepton_purethermal2:/opt/ros/foxy:/opt/ros/noetic LD_LIBRARY_PATH=/home/azraa/ros2_ws/install/m2s2_custom_interfaces/lib:/home/azraa/ros2_ws/install/v4l2_camera/lib:/home/azraa/ros2_ws/install/sound_play/lib:/home/azraa/ros2_ws/install/my_robot_interfaces/lib:/home/azraa/ros2_ws/install/gscam/lib:/home/azraa/ros2_ws/install/flir_lepton_msgs/lib:/home/azraa/ros2_ws/install/audio_common_msgs/lib:/opt/ros/foxy/opt/yaml_cpp_vendor/lib:/opt/ros/foxy/opt/rviz_ogre_vendor/lib:/opt/ros/foxy/lib/x86_64-linux-gnu:/opt/ros/foxy/lib:/opt/ros/noetic/lib PYTHONPATH=/home/azraa/ros2_ws/install/m2s2_custom_interfaces/lib/python3.8/site-packages:/home/azraa/ros2_ws/install/sound_play/lib/python3.8/site-packages:/home/azraa/ros2_ws/install/my_robot_interfaces/lib/python3.8/site-packages:/home/azraa/ros2_ws/install/my_python_pkg/lib/python3.8/site-packages:/home/azraa/ros2_ws/install/my_py_pkg/lib/python3.8/site-packages:/home/azraa/ros2_ws/install/m2s2_test_python/lib/python3.8/site-packages:/home/azraa/ros2_ws/install/flir_lepton_purethermal2/lib/python3.8/site-packages:/home/azraa/ros2_ws/install/flir_lepton_msgs/lib/python3.8/site-packages:/home/azraa/ros2_ws/install/audio_common_msgs/lib/python3.8/site-packages:/opt/ros/foxy/lib/python3.8/site-packages:/opt/ros/noetic/lib/python3/dist-packages /usr/bin/cmake --build /home/azraa/ros2_ws/build/flir_lepton_ros2 -- -j4 -l4
