[0.037s] Invoking command in '/home/azraa/ros2_ws/build/flir_lepton_capture': CMAKE_PREFIX_PATH=/home/azraa/ros2_ws/install/m2s2_custom_interfaces:/home/azraa/ros2_ws/install/v4l2_camera:/home/azraa/ros2_ws/install/audio_common:/home/azraa/ros2_ws/install/sound_play:/home/azraa/ros2_ws/install/my_robot_bringup:/home/azraa/ros2_ws/install/my_cpp_pkg:/home/azraa/ros2_ws/install/my_robot_interfaces:/home/azraa/ros2_ws/install/flir_lepton_capture:/home/azraa/ros2_ws/install/bme280:/home/azraa/ros2_ws/install/m2s2_bringup:/home/azraa/ros2_ws/install/gscam:/home/azraa/ros2_ws/install/flir_lepton_msgs:/home/azraa/ros2_ws/install/audio_play:/home/azraa/ros2_ws/install/audio_capture:/home/azraa/ros2_ws/install/audio_common_msgs:/home/azraa/ros2_ws/install/m2s2_test_python:/opt/ros/foxy:/opt/ros/noetic LD_LIBRARY_PATH=/home/azraa/ros2_ws/install/m2s2_custom_interfaces/lib:/home/azraa/ros2_ws/install/v4l2_camera/lib:/home/azraa/ros2_ws/install/sound_play/lib:/home/azraa/ros2_ws/install/my_robot_interfaces/lib:/home/azraa/ros2_ws/install/gscam/lib:/home/azraa/ros2_ws/install/flir_lepton_msgs/lib:/home/azraa/ros2_ws/install/audio_common_msgs/lib:/opt/ros/foxy/opt/yaml_cpp_vendor/lib:/opt/ros/foxy/opt/rviz_ogre_vendor/lib:/opt/ros/foxy/lib/x86_64-linux-gnu:/opt/ros/foxy/lib:/opt/ros/noetic/lib PYTHONPATH=/home/azraa/ros2_ws/install/m2s2_custom_interfaces/lib/python3.8/site-packages:/home/azraa/ros2_ws/install/sound_play/lib/python3.8/site-packages:/home/azraa/ros2_ws/install/my_robot_interfaces/lib/python3.8/site-packages:/home/azraa/ros2_ws/install/my_python_pkg/lib/python3.8/site-packages:/home/azraa/ros2_ws/install/my_py_pkg/lib/python3.8/site-packages:/home/azraa/ros2_ws/install/m2s2_test_python/lib/python3.8/site-packages:/home/azraa/ros2_ws/install/flir_lepton_msgs/lib/python3.8/site-packages:/home/azraa/ros2_ws/install/audio_common_msgs/lib/python3.8/site-packages:/opt/ros/foxy/lib/python3.8/site-packages:/opt/ros/noetic/lib/python3/dist-packages /usr/bin/cmake --build /home/azraa/ros2_ws/build/flir_lepton_capture -- -j4 -l4
[0.097s] [35m[1mScanning dependencies of target flir_lepton_publisher[0m
[0.151s] [ 50%] [32mBuilding CXX object CMakeFiles/flir_lepton_publisher.dir/src/flir_lepton_capture.cpp.o[0m
[2.998s] [01m[K/home/azraa/ros2_ws/src/flir_lepton/flir_lepton_capture/src/flir_lepton_capture.cpp:[m[K In member function â€˜[01m[Kvoid flir_lepton::FlirLeptonNode::publish_stream()[m[Kâ€™:
[2.999s] [01m[K/home/azraa/ros2_ws/src/flir_lepton/flir_lepton_capture/src/flir_lepton_capture.cpp:460:21:[m[K [01;31m[Kerror: [m[Kâ€˜[01m[Kusing SharedPtr = class std::shared_ptr<rclcpp::Publisher<example_interfaces::msg::Int16MultiArray_<std::allocator<void> > > >[m[Kâ€™ {aka â€˜[01m[Kclass std::shared_ptr<rclcpp::Publisher<example_interfaces::msg::Int16MultiArray_<std::allocator<void> > > >[m[Kâ€™} has no member named â€˜[01m[Kpublish[m[Kâ€™
[2.999s]   460 |       raw_data_pub_.[01;31m[Kpublish[m[K(raw_data);
[2.999s]       |                     [01;31m[K^~~~~~~[m[K
[3.003s] [01m[K/home/azraa/ros2_ws/src/flir_lepton/flir_lepton_capture/src/flir_lepton_capture.cpp:[m[K In function â€˜[01m[Kvoid flir_lepton::gst_eos_cb(GstAppSink*, gpointer)[m[Kâ€™:
[3.003s] [01m[K/home/azraa/ros2_ws/src/flir_lepton/flir_lepton_capture/src/flir_lepton_capture.cpp:517:30:[m[K [01;35m[Kwarning: [m[Kunused parameter â€˜[01m[Kappsink[m[Kâ€™ [[01;35m[K-Wunused-parameter[m[K]
[3.003s]   517 | void gst_eos_cb([01;35m[KGstAppSink * appsink[m[K, gpointer user_data)
[3.003s]       |                 [01;35m[K~~~~~~~~~~~~~^~~~~~~[m[K
[3.003s] [01m[K/home/azraa/ros2_ws/src/flir_lepton/flir_lepton_capture/src/flir_lepton_capture.cpp:517:48:[m[K [01;35m[Kwarning: [m[Kunused parameter â€˜[01m[Kuser_data[m[Kâ€™ [[01;35m[K-Wunused-parameter[m[K]
[3.003s]   517 | void gst_eos_cb(GstAppSink * appsink, [01;35m[Kgpointer user_data[m[K)
[3.003s]       |                                       [01;35m[K~~~~~~~~~^~~~~~~~~[m[K
[3.003s] [01m[K/home/azraa/ros2_ws/src/flir_lepton/flir_lepton_capture/src/flir_lepton_capture.cpp:[m[K In function â€˜[01m[KGstFlowReturn flir_lepton::gst_new_preroll_cb(GstAppSink*, gpointer)[m[Kâ€™:
[3.003s] [01m[K/home/azraa/ros2_ws/src/flir_lepton/flir_lepton_capture/src/flir_lepton_capture.cpp:520:47:[m[K [01;35m[Kwarning: [m[Kunused parameter â€˜[01m[Kappsink[m[Kâ€™ [[01;35m[K-Wunused-parameter[m[K]
[3.004s]   520 | GstFlowReturn gst_new_preroll_cb([01;35m[KGstAppSink * appsink[m[K, gpointer user_data)
[3.004s]       |                                  [01;35m[K~~~~~~~~~~~~~^~~~~~~[m[K
[3.004s] [01m[K/home/azraa/ros2_ws/src/flir_lepton/flir_lepton_capture/src/flir_lepton_capture.cpp:520:65:[m[K [01;35m[Kwarning: [m[Kunused parameter â€˜[01m[Kuser_data[m[Kâ€™ [[01;35m[K-Wunused-parameter[m[K]
[3.004s]   520 | GstFlowReturn gst_new_preroll_cb(GstAppSink * appsink, [01;35m[Kgpointer user_data[m[K)
[3.004s]       |                                                        [01;35m[K~~~~~~~~~^~~~~~~~~[m[K
[3.004s] [01m[K/home/azraa/ros2_ws/src/flir_lepton/flir_lepton_capture/src/flir_lepton_capture.cpp:[m[K In function â€˜[01m[KGstFlowReturn flir_lepton::gst_new_asample_cb(GstAppSink*, gpointer)[m[Kâ€™:
[3.004s] [01m[K/home/azraa/ros2_ws/src/flir_lepton/flir_lepton_capture/src/flir_lepton_capture.cpp:524:47:[m[K [01;35m[Kwarning: [m[Kunused parameter â€˜[01m[Kappsink[m[Kâ€™ [[01;35m[K-Wunused-parameter[m[K]
[3.004s]   524 | GstFlowReturn gst_new_asample_cb([01;35m[KGstAppSink * appsink[m[K, gpointer user_data)
[3.004s]       |                                  [01;35m[K~~~~~~~~~~~~~^~~~~~~[m[K
[3.004s] [01m[K/home/azraa/ros2_ws/src/flir_lepton/flir_lepton_capture/src/flir_lepton_capture.cpp:524:65:[m[K [01;35m[Kwarning: [m[Kunused parameter â€˜[01m[Kuser_data[m[Kâ€™ [[01;35m[K-Wunused-parameter[m[K]
[3.005s]   524 | GstFlowReturn gst_new_asample_cb(GstAppSink * appsink, [01;35m[Kgpointer user_data[m[K)
[3.005s]       |                                                        [01;35m[K~~~~~~~~~^~~~~~~~~[m[K
[4.160s] make[2]: *** [CMakeFiles/flir_lepton_publisher.dir/build.make:63: CMakeFiles/flir_lepton_publisher.dir/src/flir_lepton_capture.cpp.o] Error 1
[4.161s] make[1]: *** [CMakeFiles/Makefile2:78: CMakeFiles/flir_lepton_publisher.dir/all] Error 2
[4.161s] make: *** [Makefile:141: all] Error 2
[4.167s] Invoked command in '/home/azraa/ros2_ws/build/flir_lepton_capture' returned '2': CMAKE_PREFIX_PATH=/home/azraa/ros2_ws/install/m2s2_custom_interfaces:/home/azraa/ros2_ws/install/v4l2_camera:/home/azraa/ros2_ws/install/audio_common:/home/azraa/ros2_ws/install/sound_play:/home/azraa/ros2_ws/install/my_robot_bringup:/home/azraa/ros2_ws/install/my_cpp_pkg:/home/azraa/ros2_ws/install/my_robot_interfaces:/home/azraa/ros2_ws/install/flir_lepton_capture:/home/azraa/ros2_ws/install/bme280:/home/azraa/ros2_ws/install/m2s2_bringup:/home/azraa/ros2_ws/install/gscam:/home/azraa/ros2_ws/install/flir_lepton_msgs:/home/azraa/ros2_ws/install/audio_play:/home/azraa/ros2_ws/install/audio_capture:/home/azraa/ros2_ws/install/audio_common_msgs:/home/azraa/ros2_ws/install/m2s2_test_python:/opt/ros/foxy:/opt/ros/noetic LD_LIBRARY_PATH=/home/azraa/ros2_ws/install/m2s2_custom_interfaces/lib:/home/azraa/ros2_ws/install/v4l2_camera/lib:/home/azraa/ros2_ws/install/sound_play/lib:/home/azraa/ros2_ws/install/my_robot_interfaces/lib:/home/azraa/ros2_ws/install/gscam/lib:/home/azraa/ros2_ws/install/flir_lepton_msgs/lib:/home/azraa/ros2_ws/install/audio_common_msgs/lib:/opt/ros/foxy/opt/yaml_cpp_vendor/lib:/opt/ros/foxy/opt/rviz_ogre_vendor/lib:/opt/ros/foxy/lib/x86_64-linux-gnu:/opt/ros/foxy/lib:/opt/ros/noetic/lib PYTHONPATH=/home/azraa/ros2_ws/install/m2s2_custom_interfaces/lib/python3.8/site-packages:/home/azraa/ros2_ws/install/sound_play/lib/python3.8/site-packages:/home/azraa/ros2_ws/install/my_robot_interfaces/lib/python3.8/site-packages:/home/azraa/ros2_ws/install/my_python_pkg/lib/python3.8/site-packages:/home/azraa/ros2_ws/install/my_py_pkg/lib/python3.8/site-packages:/home/azraa/ros2_ws/install/m2s2_test_python/lib/python3.8/site-packages:/home/azraa/ros2_ws/install/flir_lepton_msgs/lib/python3.8/site-packages:/home/azraa/ros2_ws/install/audio_common_msgs/lib/python3.8/site-packages:/opt/ros/foxy/lib/python3.8/site-packages:/opt/ros/noetic/lib/python3/dist-packages /usr/bin/cmake --build /home/azraa/ros2_ws/build/flir_lepton_capture -- -j4 -l4
