[01m[K/home/azraa/ros2_ws/src/my_cpp_pkg/src/my_first_node.cpp:21:34:[m[K [01;31m[Kerror: [m[Kexpected â€˜[01m[K;[m[Kâ€™ at end of member declaration
   21 |     rclcpp::TimerBase::SharedPtr [01;31m[Ktimer_[m[K // shared pointer to timer
      |                                  [01;31m[K^~~~~~[m[K
      |                                        [32m[K;[m[K
make[2]: *** [CMakeFiles/cpp_node.dir/build.make:63: CMakeFiles/cpp_node.dir/src/my_first_node.cpp.o] Error 1
make[1]: *** [CMakeFiles/Makefile2:78: CMakeFiles/cpp_node.dir/all] Error 2
make: *** [Makefile:141: all] Error 2
