[0.028s] Invoking command in '/home/azraa/ros2_ws/build/my_cpp_pkg': CMAKE_PREFIX_PATH=${CMAKE_PREFIX_PATH}:/home/azraa/ros2_ws/install/my_py_pkg:/opt/ros/foxy /usr/bin/cmake --build /home/azraa/ros2_ws/build/my_cpp_pkg -- -j4 -l4
[0.208s] [35m[1mScanning dependencies of target cpp_node[0m
[0.329s] [ 50%] [32mBuilding CXX object CMakeFiles/cpp_node.dir/src/my_first_node.cpp.o[0m
[2.999s] [01m[K/home/azraa/ros2_ws/src/my_cpp_pkg/src/my_first_node.cpp:21:34:[m[K [01;31m[Kerror: [m[Kexpected â€˜[01m[K;[m[Kâ€™ at end of member declaration
[2.999s]    21 |     rclcpp::TimerBase::SharedPtr [01;31m[Ktimer_[m[K // shared pointer to timer
[3.000s]       |                                  [01;31m[K^~~~~~[m[K
[3.000s]       |                                        [32m[K;[m[K
[3.938s] make[2]: *** [CMakeFiles/cpp_node.dir/build.make:63: CMakeFiles/cpp_node.dir/src/my_first_node.cpp.o] Error 1
[3.940s] make[1]: *** [CMakeFiles/Makefile2:78: CMakeFiles/cpp_node.dir/all] Error 2
[3.940s] make: *** [Makefile:141: all] Error 2
[3.953s] Invoked command in '/home/azraa/ros2_ws/build/my_cpp_pkg' returned '2': CMAKE_PREFIX_PATH=${CMAKE_PREFIX_PATH}:/home/azraa/ros2_ws/install/my_py_pkg:/opt/ros/foxy /usr/bin/cmake --build /home/azraa/ros2_ws/build/my_cpp_pkg -- -j4 -l4
