-- Found ament_cmake: 0.9.9 (/opt/ros/foxy/share/ament_cmake/cmake)
-- Using PYTHON_EXECUTABLE: /usr/bin/python3
-- Found rclcpp: 2.4.1 (/opt/ros/foxy/share/rclcpp/cmake)
-- Using all available rosidl_typesupport_c: rosidl_typesupport_fastrtps_c;rosidl_typesupport_introspection_c
-- Found rosidl_adapter: 1.2.1 (/opt/ros/foxy/share/rosidl_adapter/cmake)
-- Found OpenSSL: /usr/lib/x86_64-linux-gnu/libcrypto.so (found version "1.1.1f")  
-- Found FastRTPS: /opt/ros/foxy/include  
-- Using all available rosidl_typesupport_cpp: rosidl_typesupport_fastrtps_cpp;rosidl_typesupport_introspection_cpp
-- Found rmw_implementation_cmake: 1.0.3 (/opt/ros/foxy/share/rmw_implementation_cmake/cmake)
-- Using RMW implementation 'rmw_fastrtps_cpp' as default
-- Looking for pthread.h
-- Looking for pthread.h - found
-- Performing Test CMAKE_HAVE_LIBC_PTHREAD
-- Performing Test CMAKE_HAVE_LIBC_PTHREAD - Failed
-- Looking for pthread_create in pthreads
-- Looking for pthread_create in pthreads - not found
-- Looking for pthread_create in pthread
-- Looking for pthread_create in pthread - found
-- Found Threads: TRUE  
-- Found m2s2_custom_interfaces: 0.0.0 (/home/azraa/ros2_ws/install/m2s2_custom_interfaces/share/m2s2_custom_interfaces/cmake)
-- Found PkgConfig: /usr/bin/pkg-config (found version "0.29.1") 
-- Checking for module 'gstreamer-1.0'
--   Found gstreamer-1.0, version 1.16.3
-- Found Boost: /usr/lib/x86_64-linux-gnu/cmake/Boost-1.71.0/BoostConfig.cmake (found version "1.71.0") found components: thread 
-- Configuring done
-- Generating done
-- Build files have been written to: /home/azraa/ros2_ws/build/flir_lepton_ros2
[35m[1mScanning dependencies of target lepton_capture[0m
[ 50%] [32mBuilding CXX object CMakeFiles/lepton_capture.dir/src/lepton_capture.cpp.o[0m
[01m[K/home/azraa/ros2_ws/src/M2S2/flir_lepton_ros2/src/lepton_capture.cpp:35:41:[m[K [01;35m[Kwarning: [m[Kmissing terminating " character
   35 |             caps = gst_caps_from_string([01;35m[K"[m[Kvideo/x-raw, width=(int)160, height=(int)120, format=GRAY16_LE
      |                                         [01;35m[K^[m[K
[01m[K/home/azraa/ros2_ws/src/M2S2/flir_lepton_ros2/src/lepton_capture.cpp:35:41:[m[K [01;31m[Kerror: [m[Kmissing terminating " character
   35 |             caps = gst_caps_from_string([01;31m[K"video/x-raw, width=(int)160, height=(int)120, format=GRAY16_LE[m[K
      |                                         [01;31m[K^~~~~~~~~~~~~~~~~~~~~~~~~~~~~~~~~~~~~~~~~~~~~~~~~~~~~~~~~~~~~~~[m[K
[01m[K/home/azraa/ros2_ws/src/M2S2/flir_lepton_ros2/src/lepton_capture.cpp:36:36:[m[K [01;35m[Kwarning: [m[Kmissing terminating " character
   36 |             framerate=(fraction)9/1[01;35m[K"[m[K);
      |                                    [01;35m[K^[m[K
[01m[K/home/azraa/ros2_ws/src/M2S2/flir_lepton_ros2/src/lepton_capture.cpp:36:36:[m[K [01;31m[Kerror: [m[Kmissing terminating " character
   36 |             framerate=(fraction)9/1[01;31m[K");[m[K
      |                                    [01;31m[K^~~[m[K
[01m[K/home/azraa/ros2_ws/src/M2S2/flir_lepton_ros2/src/lepton_capture.cpp:76:18:[m[K [01;31m[Kerror: [m[Kexpected class-name before â€˜[01m[K([m[Kâ€™ token
   76 |     ~videoCapture[01;31m[K([m[K) {
      |                  [01;31m[K^[m[K
[01m[K/home/azraa/ros2_ws/src/M2S2/flir_lepton_ros2/src/lepton_capture.cpp:88:25:[m[K [01;31m[Kerror: [m[Kâ€˜[01m[Ksensor_msgs[m[Kâ€™ does not name a type
   88 |     void publish( const [01;31m[Ksensor_msgs[m[K::CompressedImage &msg )
      |                         [01;31m[K^~~~~~~~~~~[m[K
[01m[K/home/azraa/ros2_ws/src/M2S2/flir_lepton_ros2/src/lepton_capture.cpp:88:54:[m[K [01;31m[Kerror: [m[Kexpected unqualified-id before â€˜[01m[K&[m[Kâ€™ token
   88 |     void publish( const sensor_msgs::CompressedImage [01;31m[K&[m[Kmsg )
      |                                                      [01;31m[K^[m[K
[01m[K/home/azraa/ros2_ws/src/M2S2/flir_lepton_ros2/src/lepton_capture.cpp:88:53:[m[K [01;31m[Kerror: [m[Kexpected â€˜[01m[K)[m[Kâ€™ before â€˜[01m[K&[m[Kâ€™ token
   88 |     void publish[34m[K([m[K const sensor_msgs::CompressedImage[01;31m[K [m[K[32m[K&[m[Kmsg )
      |                 [34m[K~[m[K                                   [01;31m[K^[m[K[32m[K~[m[K
      |                                                     [32m[K)[m[K
[01m[K/home/azraa/ros2_ws/src/M2S2/flir_lepton_ros2/src/lepton_capture.cpp:88:54:[m[K [01;31m[Kerror: [m[Kexpected â€˜[01m[K;[m[Kâ€™ at end of member declaration
   88 |     void publish( const sensor_msgs::CompressedImage [01;31m[K&[m[Kmsg )
      |                                                      [01;31m[K^[m[K
      |                                                       [32m[K;[m[K
[01m[K/home/azraa/ros2_ws/src/M2S2/flir_lepton_ros2/src/lepton_capture.cpp:88:55:[m[K [01;31m[Kerror: [m[Kâ€˜[01m[Kmsg[m[Kâ€™ does not name a type
   88 |     void publish( const sensor_msgs::CompressedImage &[01;31m[Kmsg[m[K )
      |                                                       [01;31m[K^~~[m[K
[01m[K/home/azraa/ros2_ws/src/M2S2/flir_lepton_ros2/src/lepton_capture.cpp:[m[K In constructor â€˜[01m[Klepton_capture::LeptonGstCapture::LeptonGstCapture()[m[Kâ€™:
[01m[K/home/azraa/ros2_ws/src/M2S2/flir_lepton_ros2/src/lepton_capture.cpp:36:13:[m[K [01;31m[Kerror: [m[Kâ€˜[01m[Kframerate[m[Kâ€™ was not declared in this scope
   36 |             [01;31m[Kframerate[m[K=(fraction)9/1");
      |             [01;31m[K^~~~~~~~~[m[K
[01m[K/home/azraa/ros2_ws/src/M2S2/flir_lepton_ros2/src/lepton_capture.cpp:36:24:[m[K [01;31m[Kerror: [m[Kâ€˜[01m[Kfraction[m[Kâ€™ was not declared in this scope; did you mean â€˜[01m[Ksigaction[m[Kâ€™?
   36 |             framerate=([01;31m[Kfraction[m[K)9/1");
      |                        [01;31m[K^~~~~~~~[m[K
      |                        [32m[Ksigaction[m[K
[01m[K/home/azraa/ros2_ws/src/M2S2/flir_lepton_ros2/src/lepton_capture.cpp:59:13:[m[K [01;31m[Kerror: [m[Kâ€˜[01m[KROS_ERROR_STREAM[m[Kâ€™ was not declared in this scope; did you mean â€˜[01m[KRCLCPP_ERROR_STREAM[m[Kâ€™?
   59 |             [01;31m[KROS_ERROR_STREAM[m[K("Not all elements could be created.\n");
      |             [01;31m[K^~~~~~~~~~~~~~~~[m[K
      |             [32m[KRCLCPP_ERROR_STREAM[m[K
[01m[K/home/azraa/ros2_ws/src/M2S2/flir_lepton_ros2/src/lepton_capture.cpp:66:13:[m[K [01;31m[Kerror: [m[Kâ€˜[01m[KROS_ERROR_STREAM[m[Kâ€™ was not declared in this scope; did you mean â€˜[01m[KRCLCPP_ERROR_STREAM[m[Kâ€™?
   66 |             [01;31m[KROS_ERROR_STREAM[m[K("Elements can't be linked.");
      |             [01;31m[K^~~~~~~~~~~~~~~~[m[K
      |             [32m[KRCLCPP_ERROR_STREAM[m[K
[01m[K/home/azraa/ros2_ws/src/M2S2/flir_lepton_ros2/src/lepton_capture.cpp:[m[K In static member function â€˜[01m[Kstatic GstFlowReturn lepton_capture::LeptonGstCapture::onNewBuffer(GstAppSink*, gpointer)[m[Kâ€™:
[01m[K/home/azraa/ros2_ws/src/M2S2/flir_lepton_ros2/src/lepton_capture.cpp:95:9:[m[K [01;31m[Kerror: [m[Kâ€˜[01m[KRosGstCapture[m[Kâ€™ was not declared in this scope; did you mean â€˜[01m[KLeptonGstCapture[m[Kâ€™?
   95 |         [01;31m[KRosGstCapture[m[K *server = reinterpret_cast<RosGstCapture*>(userData);
      |         [01;31m[K^~~~~~~~~~~~~[m[K
      |         [32m[KLeptonGstCapture[m[K
[01m[K/home/azraa/ros2_ws/src/M2S2/flir_lepton_ros2/src/lepton_capture.cpp:95:24:[m[K [01;31m[Kerror: [m[Kâ€˜[01m[Kserver[m[Kâ€™ was not declared in this scope
   95 |         RosGstCapture *[01;31m[Kserver[m[K = reinterpret_cast<RosGstCapture*>(userData);
      |                        [01;31m[K^~~~~~[m[K
[01m[K/home/azraa/ros2_ws/src/M2S2/flir_lepton_ros2/src/lepton_capture.cpp:95:50:[m[K [01;31m[Kerror: [m[Kâ€˜[01m[KRosGstCapture[m[Kâ€™ does not name a type; did you mean â€˜[01m[KLeptonGstCapture[m[Kâ€™?
   95 |         RosGstCapture *server = reinterpret_cast<[01;31m[KRosGstCapture[m[K*>(userData);
      |                                                  [01;31m[K^~~~~~~~~~~~~[m[K
      |                                                  [32m[KLeptonGstCapture[m[K
[01m[K/home/azraa/ros2_ws/src/M2S2/flir_lepton_ros2/src/lepton_capture.cpp:95:63:[m[K [01;31m[Kerror: [m[Kexpected â€˜[01m[K>[m[Kâ€™ before â€˜[01m[K*[m[Kâ€™ token
   95 |         RosGstCapture *server = reinterpret_cast<RosGstCapture[01;31m[K*[m[K>(userData);
      |                                                               [01;31m[K^[m[K
[01m[K/home/azraa/ros2_ws/src/M2S2/flir_lepton_ros2/src/lepton_capture.cpp:95:63:[m[K [01;31m[Kerror: [m[Kexpected â€˜[01m[K([m[Kâ€™ before â€˜[01m[K*[m[Kâ€™ token
   95 |         RosGstCapture *server = reinterpret_cast<RosGstCapture[01;31m[K*[m[K>(userData);
      |                                                               [01;31m[K^[m[K
      |                                                               [32m[K([m[K
[01m[K/home/azraa/ros2_ws/src/M2S2/flir_lepton_ros2/src/lepton_capture.cpp:95:64:[m[K [01;31m[Kerror: [m[Kexpected primary-expression before â€˜[01m[K>[m[Kâ€™ token
   95 |         RosGstCapture *server = reinterpret_cast<RosGstCapture*[01;31m[K>[m[K(userData);
      |                                                                [01;31m[K^[m[K
[01m[K/home/azraa/ros2_ws/src/M2S2/flir_lepton_ros2/src/lepton_capture.cpp:95:75:[m[K [01;31m[Kerror: [m[Kexpected â€˜[01m[K)[m[Kâ€™ before â€˜[01m[K;[m[Kâ€™ token
   95 |         RosGstCapture *server = reinterpret_cast<RosGstCapture*>(userData)[01;31m[K;[m[K
      |                                                                           [01;31m[K^[m[K
      |                                                                           [32m[K)[m[K
[01m[K/home/azraa/ros2_ws/src/M2S2/flir_lepton_ros2/src/lepton_capture.cpp:105:12:[m[K [01;31m[Kerror: [m[Kbase operand of â€˜[01m[K->[m[Kâ€™ has non-pointer type â€˜[01m[Km2s2_custom_interfaces::msg::RawLeptonData[m[Kâ€™ {aka â€˜[01m[Km2s2_custom_interfaces::msg::RawLeptonData_<std::allocator<void> >[m[Kâ€™}
  105 |         msg[01;31m[K->[m[Kraw_values.layout.dim[0].label = "height";
      |            [01;31m[K^~[m[K
[01m[K/home/azraa/ros2_ws/src/M2S2/flir_lepton_ros2/src/lepton_capture.cpp:106:12:[m[K [01;31m[Kerror: [m[Kbase operand of â€˜[01m[K->[m[Kâ€™ has non-pointer type â€˜[01m[Km2s2_custom_interfaces::msg::RawLeptonData[m[Kâ€™ {aka â€˜[01m[Km2s2_custom_interfaces::msg::RawLeptonData_<std::allocator<void> >[m[Kâ€™}
  106 |         msg[01;31m[K->[m[Kraw_values.layout.dim[0].size = 120;
      |            [01;31m[K^~[m[K
[01m[K/home/azraa/ros2_ws/src/M2S2/flir_lepton_ros2/src/lepton_capture.cpp:107:12:[m[K [01;31m[Kerror: [m[Kbase operand of â€˜[01m[K->[m[Kâ€™ has non-pointer type â€˜[01m[Km2s2_custom_interfaces::msg::RawLeptonData[m[Kâ€™ {aka â€˜[01m[Km2s2_custom_interfaces::msg::RawLeptonData_<std::allocator<void> >[m[Kâ€™}
  107 |         msg[01;31m[K->[m[Kraw_values.layout.dim[0].stride = 120*160;
      |            [01;31m[K^~[m[K
[01m[K/home/azraa/ros2_ws/src/M2S2/flir_lepton_ros2/src/lepton_capture.cpp:110:12:[m[K [01;31m[Kerror: [m[Kbase operand of â€˜[01m[K->[m[Kâ€™ has non-pointer type â€˜[01m[Km2s2_custom_interfaces::msg::RawLeptonData[m[Kâ€™ {aka â€˜[01m[Km2s2_custom_interfaces::msg::RawLeptonData_<std::allocator<void> >[m[Kâ€™}
  110 |         msg[01;31m[K->[m[Kraw_values.layout.dim[1].label = "width";
      |            [01;31m[K^~[m[K
[01m[K/home/azraa/ros2_ws/src/M2S2/flir_lepton_ros2/src/lepton_capture.cpp:111:12:[m[K [01;31m[Kerror: [m[Kbase operand of â€˜[01m[K->[m[Kâ€™ has non-pointer type â€˜[01m[Km2s2_custom_interfaces::msg::RawLeptonData[m[Kâ€™ {aka â€˜[01m[Km2s2_custom_interfaces::msg::RawLeptonData_<std::allocator<void> >[m[Kâ€™}
  111 |         msg[01;31m[K->[m[Kraw_values.layout.dim[1].size = 160;
      |            [01;31m[K^~[m[K
[01m[K/home/azraa/ros2_ws/src/M2S2/flir_lepton_ros2/src/lepton_capture.cpp:112:12:[m[K [01;31m[Kerror: [m[Kbase operand of â€˜[01m[K->[m[Kâ€™ has non-pointer type â€˜[01m[Km2s2_custom_interfaces::msg::RawLeptonData[m[Kâ€™ {aka â€˜[01m[Km2s2_custom_interfaces::msg::RawLeptonData_<std::allocator<void> >[m[Kâ€™}
  112 |         msg[01;31m[K->[m[Kraw_values.layout.dim[1].stride = 160;
      |            [01;31m[K^~[m[K
[01m[K/home/azraa/ros2_ws/src/M2S2/flir_lepton_ros2/src/lepton_capture.cpp:114:12:[m[K [01;31m[Kerror: [m[Kbase operand of â€˜[01m[K->[m[Kâ€™ has non-pointer type â€˜[01m[Km2s2_custom_interfaces::msg::RawLeptonData[m[Kâ€™ {aka â€˜[01m[Km2s2_custom_interfaces::msg::RawLeptonData_<std::allocator<void> >[m[Kâ€™}
  114 |         msg[01;31m[K->[m[Kraw_values.layout.data_offset = 0;
      |            [01;31m[K^~[m[K
[01m[K/home/azraa/ros2_ws/src/M2S2/flir_lepton_ros2/src/lepton_capture.cpp:120:22:[m[K [01;31m[Kerror: [m[Kâ€˜[01m[Kusing RawLeptonData = struct m2s2_custom_interfaces::msg::RawLeptonData_<std::allocator<void> >[m[Kâ€™ {aka â€˜[01m[Kstruct m2s2_custom_interfaces::msg::RawLeptonData_<std::allocator<void> >[m[Kâ€™} has no member named â€˜[01m[Kdata[m[Kâ€™
  120 |         memcpy( &msg.[01;31m[Kdata[m[K[0], map.data, map.size );
      |                      [01;31m[K^~~~[m[K
[01m[K/home/azraa/ros2_ws/src/M2S2/flir_lepton_ros2/src/lepton_capture.cpp:125:42:[m[K [01;31m[Kerror: [m[Kâ€˜[01m[Know[m[Kâ€™ is not a member of â€˜[01m[Krclcpp::Time[m[Kâ€™
  125 |         msg.header.stamp = rclcpp::Time::[01;31m[Know[m[K();
      |                                          [01;31m[K^~~[m[K
[01m[K/home/azraa/ros2_ws/src/M2S2/flir_lepton_ros2/src/lepton_capture.cpp:[m[K In static member function â€˜[01m[Kstatic gboolean lepton_capture::LeptonGstCapture::onMessage(GstBus*, GstMessage*, gpointer)[m[Kâ€™:
[01m[K/home/azraa/ros2_ws/src/M2S2/flir_lepton_ros2/src/lepton_capture.cpp:133:9:[m[K [01;31m[Kerror: [m[Kâ€˜[01m[KRosGstCapture[m[Kâ€™ was not declared in this scope; did you mean â€˜[01m[KLeptonGstCapture[m[Kâ€™?
  133 |         [01;31m[KRosGstCapture[m[K *server = reinterpret_cast<RosGstCapture*>(userData);
      |         [01;31m[K^~~~~~~~~~~~~[m[K
      |         [32m[KLeptonGstCapture[m[K
[01m[K/home/azraa/ros2_ws/src/M2S2/flir_lepton_ros2/src/lepton_capture.cpp:133:24:[m[K [01;31m[Kerror: [m[Kâ€˜[01m[Kserver[m[Kâ€™ was not declared in this scope
  133 |         RosGstCapture *[01;31m[Kserver[m[K = reinterpret_cast<RosGstCapture*>(userData);
      |                        [01;31m[K^~~~~~[m[K
[01m[K/home/azraa/ros2_ws/src/M2S2/flir_lepton_ros2/src/lepton_capture.cpp:133:50:[m[K [01;31m[Kerror: [m[Kâ€˜[01m[KRosGstCapture[m[Kâ€™ does not name a type; did you mean â€˜[01m[KLeptonGstCapture[m[Kâ€™?
  133 |         RosGstCapture *server = reinterpret_cast<[01;31m[KRosGstCapture[m[K*>(userData);
      |                                                  [01;31m[K^~~~~~~~~~~~~[m[K
      |                                                  [32m[KLeptonGstCapture[m[K
[01m[K/home/azraa/ros2_ws/src/M2S2/flir_lepton_ros2/src/lepton_capture.cpp:133:63:[m[K [01;31m[Kerror: [m[Kexpected â€˜[01m[K>[m[Kâ€™ before â€˜[01m[K*[m[Kâ€™ token
  133 |         RosGstCapture *server = reinterpret_cast<RosGstCapture[01;31m[K*[m[K>(userData);
      |                                                               [01;31m[K^[m[K
[01m[K/home/azraa/ros2_ws/src/M2S2/flir_lepton_ros2/src/lepton_capture.cpp:133:63:[m[K [01;31m[Kerror: [m[Kexpected â€˜[01m[K([m[Kâ€™ before â€˜[01m[K*[m[Kâ€™ token
  133 |         RosGstCapture *server = reinterpret_cast<RosGstCapture[01;31m[K*[m[K>(userData);
      |                                                               [01;31m[K^[m[K
      |                                                               [32m[K([m[K
[01m[K/home/azraa/ros2_ws/src/M2S2/flir_lepton_ros2/src/lepton_capture.cpp:133:64:[m[K [01;31m[Kerror: [m[Kexpected primary-expression before â€˜[01m[K>[m[Kâ€™ token
  133 |         RosGstCapture *server = reinterpret_cast<RosGstCapture*[01;31m[K>[m[K(userData);
      |                                                                [01;31m[K^[m[K
[01m[K/home/azraa/ros2_ws/src/M2S2/flir_lepton_ros2/src/lepton_capture.cpp:133:75:[m[K [01;31m[Kerror: [m[Kexpected â€˜[01m[K)[m[Kâ€™ before â€˜[01m[K;[m[Kâ€™ token
  133 |         RosGstCapture *server = reinterpret_cast<RosGstCapture*>(userData)[01;31m[K;[m[K
      |                                                                           [01;31m[K^[m[K
      |                                                                           [32m[K)[m[K
[01m[K/home/azraa/ros2_ws/src/M2S2/flir_lepton_ros2/src/lepton_capture.cpp:131:40:[m[K [01;35m[Kwarning: [m[Kunused parameter â€˜[01m[Kbus[m[Kâ€™ [[01;35m[K-Wunused-parameter[m[K]
  131 |     static gboolean onMessage ([01;35m[KGstBus *bus[m[K, GstMessage *message, gpointer userData)
      |                                [01;35m[K~~~~~~~~^~~[m[K
make[2]: *** [CMakeFiles/lepton_capture.dir/build.make:63: CMakeFiles/lepton_capture.dir/src/lepton_capture.cpp.o] Error 1
make[1]: *** [CMakeFiles/Makefile2:78: CMakeFiles/lepton_capture.dir/all] Error 2
make: *** [Makefile:141: all] Error 2
