[0.031s] Invoking command in '/home/azraa/ros2_ws/build/flir_lepton_capture': CMAKE_PREFIX_PATH=/home/azraa/ros2_ws/install/m2s2_custom_interfaces:/home/azraa/ros2_ws/install/v4l2_camera:/home/azraa/ros2_ws/install/audio_common:/home/azraa/ros2_ws/install/sound_play:/home/azraa/ros2_ws/install/my_robot_bringup:/home/azraa/ros2_ws/install/my_cpp_pkg:/home/azraa/ros2_ws/install/my_robot_interfaces:/home/azraa/ros2_ws/install/bme280:/home/azraa/ros2_ws/install/m2s2_bringup:/home/azraa/ros2_ws/install/gscam:/home/azraa/ros2_ws/install/flir_lepton_capture:/home/azraa/ros2_ws/install/flir_lepton_msgs:/home/azraa/ros2_ws/install/audio_play:/home/azraa/ros2_ws/install/audio_capture:/home/azraa/ros2_ws/install/audio_common_msgs:/home/azraa/ros2_ws/install/m2s2_test_python:/opt/ros/foxy:/opt/ros/noetic LD_LIBRARY_PATH=/home/azraa/ros2_ws/install/m2s2_custom_interfaces/lib:/home/azraa/ros2_ws/install/v4l2_camera/lib:/home/azraa/ros2_ws/install/sound_play/lib:/home/azraa/ros2_ws/install/my_robot_interfaces/lib:/home/azraa/ros2_ws/install/gscam/lib:/home/azraa/ros2_ws/install/flir_lepton_msgs/lib:/home/azraa/ros2_ws/install/audio_common_msgs/lib:/opt/ros/foxy/opt/yaml_cpp_vendor/lib:/opt/ros/foxy/opt/rviz_ogre_vendor/lib:/opt/ros/foxy/lib/x86_64-linux-gnu:/opt/ros/foxy/lib:/opt/ros/noetic/lib PYTHONPATH=/home/azraa/ros2_ws/install/m2s2_custom_interfaces/lib/python3.8/site-packages:/home/azraa/ros2_ws/install/sound_play/lib/python3.8/site-packages:/home/azraa/ros2_ws/install/my_robot_interfaces/lib/python3.8/site-packages:/home/azraa/ros2_ws/install/my_python_pkg/lib/python3.8/site-packages:/home/azraa/ros2_ws/install/my_py_pkg/lib/python3.8/site-packages:/home/azraa/ros2_ws/install/m2s2_test_python/lib/python3.8/site-packages:/home/azraa/ros2_ws/install/flir_lepton_msgs/lib/python3.8/site-packages:/home/azraa/ros2_ws/install/audio_common_msgs/lib/python3.8/site-packages:/opt/ros/foxy/lib/python3.8/site-packages:/opt/ros/noetic/lib/python3/dist-packages /usr/bin/cmake --build /home/azraa/ros2_ws/build/flir_lepton_capture -- -j4 -l4
[0.071s] -- Found ament_cmake: 0.9.9 (/opt/ros/foxy/share/ament_cmake/cmake)
[0.110s] -- Using PYTHON_EXECUTABLE: /usr/bin/python3
[0.461s] -- Found class_loader: 2.0.2 (/opt/ros/foxy/share/class_loader/cmake)
[0.486s] -- Found image_transport: 2.3.0 (/opt/ros/foxy/share/image_transport/cmake)
[0.528s] -- Using all available rosidl_typesupport_c: rosidl_typesupport_fastrtps_c;rosidl_typesupport_introspection_c
[0.532s] -- Found rosidl_adapter: 1.2.1 (/opt/ros/foxy/share/rosidl_adapter/cmake)
[0.695s] -- Using all available rosidl_typesupport_cpp: rosidl_typesupport_fastrtps_cpp;rosidl_typesupport_introspection_cpp
[0.774s] -- Found rmw_implementation_cmake: 1.0.3 (/opt/ros/foxy/share/rmw_implementation_cmake/cmake)
[0.777s] -- Using RMW implementation 'rmw_fastrtps_cpp' as default
[1.243s] -- Found rclcpp_components: 2.4.1 (/opt/ros/foxy/share/rclcpp_components/cmake)
[1.325s] -- Found m2s2_custom_interfaces: 0.0.0 (/home/azraa/ros2_ws/install/m2s2_custom_interfaces/share/m2s2_custom_interfaces/cmake)
[1.747s] -- Found cv_bridge: 2.2.1 (/opt/ros/foxy/share/cv_bridge/cmake)
[1.913s] -- Configuring done
[1.966s] -- Generating done
[1.969s] -- Build files have been written to: /home/azraa/ros2_ws/build/flir_lepton_capture
[2.003s] [35m[1mScanning dependencies of target flir_lepton_publisher[0m
[2.055s] [ 50%] [32mBuilding CXX object CMakeFiles/flir_lepton_publisher.dir/src/flir_lepton_capture.cpp.o[0m
[2.322s] [01m[K/home/azraa/ros2_ws/src/flir_lepton/flir_lepton_capture/src/flir_lepton_capture.cpp:263:68:[m[K [01;35m[Kwarning: [m[Kcharacter constant too long for its type
[2.322s]   263 | data_pub_ = create_publisher<flir_lepton_msgs::msg::RawData>([01;35m[K'lepton_raw'[m[K,qos);
[2.323s]       |                                                              [01;35m[K^~~~~~~~~~~~[m[K
[2.323s] 
[4.680s] In file included from [01m[K/home/azraa/ros2_ws/src/flir_lepton/flir_lepton_capture/src/flir_lepton_capture.cpp:44[m[K:
[4.680s] [01m[K/home/azraa/ros2_ws/src/flir_lepton/flir_lepton_capture/include/flir_lepton_capture/flir_lepton.hpp:95:21:[m[K [01;31m[Kerror: [m[Kâ€˜[01m[Kflir_lepton_msgs[m[Kâ€™ was not declared in this scope; did you mean â€˜[01m[Kflir_lepton[m[Kâ€™?
[4.680s]    95 |   rclcpp::Publisher<[01;31m[Kflir_lepton_msgs[m[K::msg::RawData>::SharedPtr raw_data_pub_;
[4.680s]       |                     [01;31m[K^~~~~~~~~~~~~~~~[m[K
[4.680s]       |                     [32m[Kflir_lepton[m[K
[4.680s] [01m[K/home/azraa/ros2_ws/src/flir_lepton/flir_lepton_capture/include/flir_lepton_capture/flir_lepton.hpp:95:51:[m[K [01;31m[Kerror: [m[Ktemplate argument 1 is invalid
[4.680s]    95 |   rclcpp::Publisher<flir_lepton_msgs::msg::RawData[01;31m[K>[m[K::SharedPtr raw_data_pub_;
[4.681s]       |                                                   [01;31m[K^[m[K
[4.681s] [01m[K/home/azraa/ros2_ws/src/flir_lepton/flir_lepton_capture/include/flir_lepton_capture/flir_lepton.hpp:95:54:[m[K [01;31m[Kerror: [m[Kexpected â€˜[01m[K;[m[Kâ€™ at end of member declaration
[4.681s]    95 |   rclcpp::Publisher<flir_lepton_msgs::msg::RawData>::[01;31m[KSharedPtr[m[K raw_data_pub_;
[4.681s]       |                                                      [01;31m[K^~~~~~~~~[m[K
[4.681s]       |                                                               [32m[K;[m[K
[4.689s] [01m[K/home/azraa/ros2_ws/src/flir_lepton/flir_lepton_capture/include/flir_lepton_capture/flir_lepton.hpp:95:64:[m[K [01;31m[Kerror: [m[Kâ€˜[01m[Kraw_data_pub_[m[Kâ€™ does not name a type
[4.690s]    95 |   rclcpp::Publisher<flir_lepton_msgs::msg::RawData>::SharedPtr [01;31m[Kraw_data_pub_[m[K;
[4.690s]       |                                                                [01;31m[K^~~~~~~~~~~~~[m[K
[4.723s] [01m[K/home/azraa/ros2_ws/src/flir_lepton/flir_lepton_capture/src/flir_lepton_capture.cpp:[m[K In member function â€˜[01m[Kbool flir_lepton::FlirLeptonNode::init_stream()[m[Kâ€™:
[4.723s] [01m[K/home/azraa/ros2_ws/src/flir_lepton/flir_lepton_capture/src/flir_lepton_capture.cpp:263:3:[m[K [01;31m[Kerror: [m[Kâ€˜[01m[Kraw_data_pub_[m[Kâ€™ was not declared in this scope
[4.723s]   263 |   [01;31m[Kraw_data_pub_[m[K = create_publisher<flir_lepton_msgs::msg::RawData>('lepton_raw',qos);
[4.723s]       |   [01;31m[K^~~~~~~~~~~~~[m[K
[4.734s] [01m[K/home/azraa/ros2_ws/src/flir_lepton/flir_lepton_capture/src/flir_lepton_capture.cpp:263:36:[m[K [01;31m[Kerror: [m[Kâ€˜[01m[Kflir_lepton_msgs[m[Kâ€™ was not declared in this scope; did you mean â€˜[01m[Kflir_lepton[m[Kâ€™?
[4.734s]   263 |   raw_data_pub_ = create_publisher<[01;31m[Kflir_lepton_msgs[m[K::msg::RawData>('lepton_raw',qos);
[4.734s]       |                                    [01;31m[K^~~~~~~~~~~~~~~~[m[K
[4.734s]       |                                    [32m[Kflir_lepton[m[K
[4.735s] [01m[K/home/azraa/ros2_ws/src/flir_lepton/flir_lepton_capture/src/flir_lepton_capture.cpp:263:19:[m[K [01;31m[Kerror: [m[Kparse error in template argument list
[4.735s]   263 |   raw_data_pub_ = [01;31m[Kcreate_publisher<flir_lepton_msgs::msg::RawData>[m[K('lepton_raw',qos);
[4.735s]       |                   [01;31m[K^~~~~~~~~~~~~~~~~~~~~~~~~~~~~~~~~~~~~~~~~~~~~~~~[m[K
[4.735s] [01m[K/home/azraa/ros2_ws/src/flir_lepton/flir_lepton_capture/src/flir_lepton_capture.cpp:263:84:[m[K [01;31m[Kerror: [m[Kno matching function for call to â€˜[01m[Kflir_lepton::FlirLeptonNode::create_publisher<<expression error> >(int, const rclcpp::QoS&)[m[Kâ€™
[4.735s]   263 | te_publisher<flir_lepton_msgs::msg::RawData>('lepton_raw',qos[01;31m[K)[m[K;
[4.735s]       |                                                              [01;31m[K^[m[K
[4.735s] 
[4.735s] In file included from [01m[K/opt/ros/foxy/include/image_transport/image_transport.hpp:43[m[K,
[4.735s]                  from [01m[K/home/azraa/ros2_ws/src/flir_lepton/flir_lepton_capture/src/flir_lepton_capture.cpp:27[m[K:
[4.735s] [01m[K/opt/ros/foxy/include/rclcpp/node.hpp:184:3:[m[K [01;36m[Knote: [m[Kcandidate: â€˜[01m[Ktemplate<class MessageT, class AllocatorT, class PublisherT> std::shared_ptr<PublisherT> rclcpp::Node::create_publisher(const string&, const rclcpp::QoS&, const rclcpp::PublisherOptionsWithAllocator<AllocatorT>&)[m[Kâ€™
[4.735s]   184 |   [01;36m[Kcreate_publisher[m[K(
[4.736s]       |   [01;36m[K^~~~~~~~~~~~~~~~[m[K
[4.736s] [01m[K/opt/ros/foxy/include/rclcpp/node.hpp:184:3:[m[K [01;36m[Knote: [m[K  template argument deduction/substitution failed:
[4.736s] [01m[K/home/azraa/ros2_ws/src/flir_lepton/flir_lepton_capture/src/flir_lepton_capture.cpp:263:84:[m[K [01;31m[Kerror: [m[Ktemplate argument 1 is invalid
[4.736s]   263 | te_publisher<flir_lepton_msgs::msg::RawData>('lepton_raw',qos[01;31m[K)[m[K;
[4.736s]       |                                                              [01;31m[K^[m[K
[4.736s] 
[4.742s] [01m[K/home/azraa/ros2_ws/src/flir_lepton/flir_lepton_capture/src/flir_lepton_capture.cpp:[m[K In member function â€˜[01m[Kvoid flir_lepton::FlirLeptonNode::publish_stream()[m[Kâ€™:
[4.742s] [01m[K/home/azraa/ros2_ws/src/flir_lepton/flir_lepton_capture/src/flir_lepton_capture.cpp:394:7:[m[K [01;31m[Kerror: [m[Kâ€˜[01m[Kflir_lepton_msgs[m[Kâ€™ has not been declared
[4.742s]   394 |       [01;31m[Kflir_lepton_msgs[m[K::msg::RawData::SharedPtr raw_data(new flir_lepton_msgs::msg::RawData());
[4.742s]       |       [01;31m[K^~~~~~~~~~~~~~~~[m[K
[4.747s] [01m[K/home/azraa/ros2_ws/src/flir_lepton/flir_lepton_capture/src/flir_lepton_capture.cpp:400:7:[m[K [01;31m[Kerror: [m[Kâ€˜[01m[Kraw_data[m[Kâ€™ was not declared in this scope
[4.748s]   400 |       [01;31m[Kraw_data[m[K->header.stamp = timestamp_;
[4.748s]       |       [01;31m[K^~~~~~~~[m[K
[4.759s] [01m[K/home/azraa/ros2_ws/src/flir_lepton/flir_lepton_capture/src/flir_lepton_capture.cpp:449:7:[m[K [01;31m[Kerror: [m[Kâ€˜[01m[Kraw_data_pub_[m[Kâ€™ was not declared in this scope
[4.759s]   449 |       [01;31m[Kraw_data_pub_[m[K.publish(raw_data);
[4.759s]       |       [01;31m[K^~~~~~~~~~~~~[m[K
[4.763s] [01m[K/home/azraa/ros2_ws/src/flir_lepton/flir_lepton_capture/src/flir_lepton_capture.cpp:[m[K In function â€˜[01m[Kvoid flir_lepton::gst_eos_cb(GstAppSink*, gpointer)[m[Kâ€™:
[4.763s] [01m[K/home/azraa/ros2_ws/src/flir_lepton/flir_lepton_capture/src/flir_lepton_capture.cpp:506:30:[m[K [01;35m[Kwarning: [m[Kunused parameter â€˜[01m[Kappsink[m[Kâ€™ [[01;35m[K-Wunused-parameter[m[K]
[4.763s]   506 | void gst_eos_cb([01;35m[KGstAppSink * appsink[m[K, gpointer user_data)
[4.764s]       |                 [01;35m[K~~~~~~~~~~~~~^~~~~~~[m[K
[4.764s] [01m[K/home/azraa/ros2_ws/src/flir_lepton/flir_lepton_capture/src/flir_lepton_capture.cpp:506:48:[m[K [01;35m[Kwarning: [m[Kunused parameter â€˜[01m[Kuser_data[m[Kâ€™ [[01;35m[K-Wunused-parameter[m[K]
[4.764s]   506 | void gst_eos_cb(GstAppSink * appsink, [01;35m[Kgpointer user_data[m[K)
[4.764s]       |                                       [01;35m[K~~~~~~~~~^~~~~~~~~[m[K
[4.764s] [01m[K/home/azraa/ros2_ws/src/flir_lepton/flir_lepton_capture/src/flir_lepton_capture.cpp:[m[K In function â€˜[01m[KGstFlowReturn flir_lepton::gst_new_preroll_cb(GstAppSink*, gpointer)[m[Kâ€™:
[4.764s] [01m[K/home/azraa/ros2_ws/src/flir_lepton/flir_lepton_capture/src/flir_lepton_capture.cpp:509:47:[m[K [01;35m[Kwarning: [m[Kunused parameter â€˜[01m[Kappsink[m[Kâ€™ [[01;35m[K-Wunused-parameter[m[K]
[4.764s]   509 | GstFlowReturn gst_new_preroll_cb([01;35m[KGstAppSink * appsink[m[K, gpointer user_data)
[4.764s]       |                                  [01;35m[K~~~~~~~~~~~~~^~~~~~~[m[K
[4.764s] [01m[K/home/azraa/ros2_ws/src/flir_lepton/flir_lepton_capture/src/flir_lepton_capture.cpp:509:65:[m[K [01;35m[Kwarning: [m[Kunused parameter â€˜[01m[Kuser_data[m[Kâ€™ [[01;35m[K-Wunused-parameter[m[K]
[4.764s]   509 | GstFlowReturn gst_new_preroll_cb(GstAppSink * appsink, [01;35m[Kgpointer user_data[m[K)
[4.764s]       |                                                        [01;35m[K~~~~~~~~~^~~~~~~~~[m[K
[4.765s] [01m[K/home/azraa/ros2_ws/src/flir_lepton/flir_lepton_capture/src/flir_lepton_capture.cpp:[m[K In function â€˜[01m[KGstFlowReturn flir_lepton::gst_new_asample_cb(GstAppSink*, gpointer)[m[Kâ€™:
[4.765s] [01m[K/home/azraa/ros2_ws/src/flir_lepton/flir_lepton_capture/src/flir_lepton_capture.cpp:513:47:[m[K [01;35m[Kwarning: [m[Kunused parameter â€˜[01m[Kappsink[m[Kâ€™ [[01;35m[K-Wunused-parameter[m[K]
[4.765s]   513 | GstFlowReturn gst_new_asample_cb([01;35m[KGstAppSink * appsink[m[K, gpointer user_data)
[4.765s]       |                                  [01;35m[K~~~~~~~~~~~~~^~~~~~~[m[K
[4.765s] [01m[K/home/azraa/ros2_ws/src/flir_lepton/flir_lepton_capture/src/flir_lepton_capture.cpp:513:65:[m[K [01;35m[Kwarning: [m[Kunused parameter â€˜[01m[Kuser_data[m[Kâ€™ [[01;35m[K-Wunused-parameter[m[K]
[4.765s]   513 | GstFlowReturn gst_new_asample_cb(GstAppSink * appsink, [01;35m[Kgpointer user_data[m[K)
[4.765s]       |                                                        [01;35m[K~~~~~~~~~^~~~~~~~~[m[K
[5.554s] make[2]: *** [CMakeFiles/flir_lepton_publisher.dir/build.make:63: CMakeFiles/flir_lepton_publisher.dir/src/flir_lepton_capture.cpp.o] Error 1
[5.555s] make[1]: *** [CMakeFiles/Makefile2:78: CMakeFiles/flir_lepton_publisher.dir/all] Error 2
[5.555s] make: *** [Makefile:141: all] Error 2
[5.560s] Invoked command in '/home/azraa/ros2_ws/build/flir_lepton_capture' returned '2': CMAKE_PREFIX_PATH=/home/azraa/ros2_ws/install/m2s2_custom_interfaces:/home/azraa/ros2_ws/install/v4l2_camera:/home/azraa/ros2_ws/install/audio_common:/home/azraa/ros2_ws/install/sound_play:/home/azraa/ros2_ws/install/my_robot_bringup:/home/azraa/ros2_ws/install/my_cpp_pkg:/home/azraa/ros2_ws/install/my_robot_interfaces:/home/azraa/ros2_ws/install/bme280:/home/azraa/ros2_ws/install/m2s2_bringup:/home/azraa/ros2_ws/install/gscam:/home/azraa/ros2_ws/install/flir_lepton_capture:/home/azraa/ros2_ws/install/flir_lepton_msgs:/home/azraa/ros2_ws/install/audio_play:/home/azraa/ros2_ws/install/audio_capture:/home/azraa/ros2_ws/install/audio_common_msgs:/home/azraa/ros2_ws/install/m2s2_test_python:/opt/ros/foxy:/opt/ros/noetic LD_LIBRARY_PATH=/home/azraa/ros2_ws/install/m2s2_custom_interfaces/lib:/home/azraa/ros2_ws/install/v4l2_camera/lib:/home/azraa/ros2_ws/install/sound_play/lib:/home/azraa/ros2_ws/install/my_robot_interfaces/lib:/home/azraa/ros2_ws/install/gscam/lib:/home/azraa/ros2_ws/install/flir_lepton_msgs/lib:/home/azraa/ros2_ws/install/audio_common_msgs/lib:/opt/ros/foxy/opt/yaml_cpp_vendor/lib:/opt/ros/foxy/opt/rviz_ogre_vendor/lib:/opt/ros/foxy/lib/x86_64-linux-gnu:/opt/ros/foxy/lib:/opt/ros/noetic/lib PYTHONPATH=/home/azraa/ros2_ws/install/m2s2_custom_interfaces/lib/python3.8/site-packages:/home/azraa/ros2_ws/install/sound_play/lib/python3.8/site-packages:/home/azraa/ros2_ws/install/my_robot_interfaces/lib/python3.8/site-packages:/home/azraa/ros2_ws/install/my_python_pkg/lib/python3.8/site-packages:/home/azraa/ros2_ws/install/my_py_pkg/lib/python3.8/site-packages:/home/azraa/ros2_ws/install/m2s2_test_python/lib/python3.8/site-packages:/home/azraa/ros2_ws/install/flir_lepton_msgs/lib/python3.8/site-packages:/home/azraa/ros2_ws/install/audio_common_msgs/lib/python3.8/site-packages:/opt/ros/foxy/lib/python3.8/site-packages:/opt/ros/noetic/lib/python3/dist-packages /usr/bin/cmake --build /home/azraa/ros2_ws/build/flir_lepton_capture -- -j4 -l4
