[0.091s] Invoking command in '/home/azraa/ros2_ws/build/flir_lepton_ros2': CMAKE_PREFIX_PATH=/home/azraa/ros2_ws/install/ximea_ros2_cam:/home/azraa/ros2_ws/install/v4l2_camera:/home/azraa/ros2_ws/install/audio_common:/home/azraa/ros2_ws/install/sound_play:/home/azraa/ros2_ws/install/my_robot_bringup:/home/azraa/ros2_ws/install/my_cpp_pkg:/home/azraa/ros2_ws/install/my_robot_interfaces:/home/azraa/ros2_ws/install/bme280:/home/azraa/ros2_ws/install/m2s2_custom_interfaces:/home/azraa/ros2_ws/install/m2s2_bringup:/home/azraa/ros2_ws/install/gscam:/home/azraa/ros2_ws/install/flir_lepton_ros2:/home/azraa/ros2_ws/install/flir_lepton_msgs:/home/azraa/ros2_ws/install/audio_play:/home/azraa/ros2_ws/install/audio_capture:/home/azraa/ros2_ws/install/audio_common_msgs:/home/azraa/ros2_ws/install/m2s2_test_python:/home/azraa/ros2_ws/install/flir_lepton_purethermal2:/opt/ros/foxy:/opt/ros/noetic /usr/bin/cmake --build /home/azraa/ros2_ws/build/flir_lepton_ros2 -- -j4 -l4
[0.427s] [35m[1mScanning dependencies of target lepton_capture[0m
[0.532s] [ 50%] [32mBuilding CXX object CMakeFiles/lepton_capture.dir/src/lepton_capture.cpp.o[0m
[5.420s] [01m[K/home/azraa/ros2_ws/src/M2S2/flir_lepton_ros2/src/lepton_capture.cpp:[m[K In member function â€˜[01m[Kvoid lepton_capture::LeptonGstCapture::publish(const Image&)[m[Kâ€™:
[5.420s] [01m[K/home/azraa/ros2_ws/src/M2S2/flir_lepton_ros2/src/lepton_capture.cpp:100:25:[m[K [01;31m[Kerror: [m[Kno matching function for call to â€˜[01m[Kimage_transport::CameraPublisher::publish(const Image&)[m[Kâ€™
[5.420s]   100 |         _pub.publish(msg[01;31m[K)[m[K;
[5.420s]       |                         [01;31m[K^[m[K
[5.421s] In file included from [01m[K/opt/ros/foxy/include/image_transport/image_transport.hpp:45[m[K,
[5.421s]                  from [01m[K/home/azraa/ros2_ws/src/M2S2/flir_lepton_ros2/src/lepton_capture.cpp:7[m[K:
[5.421s] [01m[K/opt/ros/foxy/include/image_transport/camera_publisher.hpp:106:8:[m[K [01;36m[Knote: [m[Kcandidate: â€˜[01m[Kvoid image_transport::CameraPublisher::publish(const Image&, const CameraInfo&) const[m[Kâ€™
[5.421s]   106 |   void [01;36m[Kpublish[m[K(
[5.421s]       |        [01;36m[K^~~~~~~[m[K
[5.421s] [01m[K/opt/ros/foxy/include/image_transport/camera_publisher.hpp:106:8:[m[K [01;36m[Knote: [m[K  candidate expects 2 arguments, 1 provided
[5.421s] [01m[K/opt/ros/foxy/include/image_transport/camera_publisher.hpp:114:8:[m[K [01;36m[Knote: [m[Kcandidate: â€˜[01m[Kvoid image_transport::CameraPublisher::publish(const ConstSharedPtr&, const ConstSharedPtr&) const[m[Kâ€™
[5.421s]   114 |   void [01;36m[Kpublish[m[K(
[5.422s]       |        [01;36m[K^~~~~~~[m[K
[5.422s] [01m[K/opt/ros/foxy/include/image_transport/camera_publisher.hpp:114:8:[m[K [01;36m[Knote: [m[K  candidate expects 2 arguments, 1 provided
[5.422s] [01m[K/opt/ros/foxy/include/image_transport/camera_publisher.hpp:126:8:[m[K [01;36m[Knote: [m[Kcandidate: â€˜[01m[Kvoid image_transport::CameraPublisher::publish(sensor_msgs::msg::Image&, sensor_msgs::msg::CameraInfo&, rclcpp::Time) const[m[Kâ€™
[5.422s]   126 |   void [01;36m[Kpublish[m[K(
[5.422s]       |        [01;36m[K^~~~~~~[m[K
[5.422s] [01m[K/opt/ros/foxy/include/image_transport/camera_publisher.hpp:126:8:[m[K [01;36m[Knote: [m[K  candidate expects 3 arguments, 1 provided
[5.422s] [01m[K/home/azraa/ros2_ws/src/M2S2/flir_lepton_ros2/src/lepton_capture.cpp:[m[K In static member function â€˜[01m[Kstatic gboolean lepton_capture::LeptonGstCapture::onMessage(GstBus*, GstMessage*, gpointer)[m[Kâ€™:
[5.422s] [01m[K/home/azraa/ros2_ws/src/M2S2/flir_lepton_ros2/src/lepton_capture.cpp:160:40:[m[K [01;35m[Kwarning: [m[Kunused parameter â€˜[01m[Kbus[m[Kâ€™ [[01;35m[K-Wunused-parameter[m[K]
[5.423s]   160 |     static gboolean onMessage ([01;35m[KGstBus *bus[m[K, GstMessage *message, gpointer userData)
[5.423s]       |                                [01;35m[K~~~~~~~~^~~[m[K
[6.824s] make[2]: *** [CMakeFiles/lepton_capture.dir/build.make:63: CMakeFiles/lepton_capture.dir/src/lepton_capture.cpp.o] Error 1
[6.825s] make[1]: *** [CMakeFiles/Makefile2:78: CMakeFiles/lepton_capture.dir/all] Error 2
[6.825s] make: *** [Makefile:141: all] Error 2
[6.831s] Invoked command in '/home/azraa/ros2_ws/build/flir_lepton_ros2' returned '2': CMAKE_PREFIX_PATH=/home/azraa/ros2_ws/install/ximea_ros2_cam:/home/azraa/ros2_ws/install/v4l2_camera:/home/azraa/ros2_ws/install/audio_common:/home/azraa/ros2_ws/install/sound_play:/home/azraa/ros2_ws/install/my_robot_bringup:/home/azraa/ros2_ws/install/my_cpp_pkg:/home/azraa/ros2_ws/install/my_robot_interfaces:/home/azraa/ros2_ws/install/bme280:/home/azraa/ros2_ws/install/m2s2_custom_interfaces:/home/azraa/ros2_ws/install/m2s2_bringup:/home/azraa/ros2_ws/install/gscam:/home/azraa/ros2_ws/install/flir_lepton_ros2:/home/azraa/ros2_ws/install/flir_lepton_msgs:/home/azraa/ros2_ws/install/audio_play:/home/azraa/ros2_ws/install/audio_capture:/home/azraa/ros2_ws/install/audio_common_msgs:/home/azraa/ros2_ws/install/m2s2_test_python:/home/azraa/ros2_ws/install/flir_lepton_purethermal2:/opt/ros/foxy:/opt/ros/noetic /usr/bin/cmake --build /home/azraa/ros2_ws/build/flir_lepton_ros2 -- -j4 -l4
