[35m[1mScanning dependencies of target audio_capture[0m
[ 50%] [32mBuilding CXX object CMakeFiles/audio_capture.dir/src/audio_capture.cpp.o[0m
[01m[K/home/azraa/ros2_ws/src/M2S2/audio_common/audio_capture/src/audio_capture.cpp:[m[K In static member function â€˜[01m[Kstatic GstFlowReturn audio_transport::RosGstCapture::onNewBuffer(GstAppSink*, gpointer)[m[Kâ€™:
[01m[K/home/azraa/ros2_ws/src/M2S2/audio_common/audio_capture/src/audio_capture.cpp:204:9:[m[K [01;31m[Kerror: [m[Kâ€˜[01m[Ktimestamp[m[Kâ€™ was not declared in this scope; did you mean â€˜[01m[Ktimercmp[m[Kâ€™?
  204 |         [01;31m[Ktimestamp[m[K = now;
      |         [01;31m[K^~~~~~~~~[m[K
      |         [32m[Ktimercmp[m[K
[01m[K/home/azraa/ros2_ws/src/M2S2/audio_common/audio_capture/src/audio_capture.cpp:[m[K In static member function â€˜[01m[Kstatic gboolean audio_transport::RosGstCapture::onMessage(GstBus*, GstMessage*, gpointer)[m[Kâ€™:
[01m[K/home/azraa/ros2_ws/src/M2S2/audio_common/audio_capture/src/audio_capture.cpp:217:42:[m[K [01;35m[Kwarning: [m[Kunused parameter â€˜[01m[Kbus[m[Kâ€™ [[01;35m[K-Wunused-parameter[m[K]
  217 |       static gboolean onMessage ([01;35m[KGstBus *bus[m[K, GstMessage *message, gpointer userData)
      |                                  [01;35m[K~~~~~~~~^~~[m[K
make[2]: *** [CMakeFiles/audio_capture.dir/build.make:63: CMakeFiles/audio_capture.dir/src/audio_capture.cpp.o] Error 1
make[1]: *** [CMakeFiles/Makefile2:78: CMakeFiles/audio_capture.dir/all] Error 2
make: *** [Makefile:141: all] Error 2
