[35m[1mScanning dependencies of target flir_lepton_publisher[0m
[ 50%] [32mBuilding CXX object CMakeFiles/flir_lepton_publisher.dir/src/flir_lepton_capture.cpp.o[0m
In file included from [01m[K/home/azraa/ros2_ws/src/flir_lepton/flir_lepton_capture/src/flir_lepton_capture.cpp:44[m[K:
[01m[K/home/azraa/ros2_ws/src/flir_lepton/flir_lepton_capture/include/flir_lepton_capture/flir_lepton.hpp:32:10:[m[K [01;31m[Kfatal error: [m[Kexample_interfaces/multi_array_dimension.hpp: No such file or directory
   32 | #include [01;31m[K"example_interfaces/multi_array_dimension.hpp"[m[K
      |          [01;31m[K^~~~~~~~~~~~~~~~~~~~~~~~~~~~~~~~~~~~~~~~~~~~~~[m[K
compilation terminated.
make[2]: *** [CMakeFiles/flir_lepton_publisher.dir/build.make:63: CMakeFiles/flir_lepton_publisher.dir/src/flir_lepton_capture.cpp.o] Error 1
make[1]: *** [CMakeFiles/Makefile2:78: CMakeFiles/flir_lepton_publisher.dir/all] Error 2
make: *** [Makefile:141: all] Error 2
