[0.068s] Invoking command in '/home/azraa/ros2_ws/build/flir_lepton_capture': CMAKE_PREFIX_PATH=/home/azraa/ros2_ws/install/flir_lepton_msgs:/home/azraa/ros2_ws/install/v4l2_camera:/home/azraa/ros2_ws/install/audio_common:/home/azraa/ros2_ws/install/sound_play:/home/azraa/ros2_ws/install/my_robot_bringup:/home/azraa/ros2_ws/install/my_cpp_pkg:/home/azraa/ros2_ws/install/my_robot_interfaces:/home/azraa/ros2_ws/install/bme280:/home/azraa/ros2_ws/install/m2s2_custom_interfaces:/home/azraa/ros2_ws/install/m2s2_bringup:/home/azraa/ros2_ws/install/gscam:/home/azraa/ros2_ws/install/flir_lepton_capture:/home/azraa/ros2_ws/install/audio_play:/home/azraa/ros2_ws/install/audio_capture:/home/azraa/ros2_ws/install/audio_common_msgs:/home/azraa/ros2_ws/install/m2s2_test_python:/opt/ros/foxy:/opt/ros/noetic LD_LIBRARY_PATH=/home/azraa/ros2_ws/install/flir_lepton_msgs/lib:/home/azraa/ros2_ws/install/v4l2_camera/lib:/home/azraa/ros2_ws/install/sound_play/lib:/home/azraa/ros2_ws/install/my_robot_interfaces/lib:/home/azraa/ros2_ws/install/m2s2_custom_interfaces/lib:/home/azraa/ros2_ws/install/gscam/lib:/home/azraa/ros2_ws/install/audio_common_msgs/lib:/opt/ros/foxy/opt/yaml_cpp_vendor/lib:/opt/ros/foxy/opt/rviz_ogre_vendor/lib:/opt/ros/foxy/lib/x86_64-linux-gnu:/opt/ros/foxy/lib:/opt/ros/noetic/lib PYTHONPATH=/home/azraa/ros2_ws/install/flir_lepton_msgs/lib/python3.8/site-packages:/home/azraa/ros2_ws/install/sound_play/lib/python3.8/site-packages:/home/azraa/ros2_ws/install/my_robot_interfaces/lib/python3.8/site-packages:/home/azraa/ros2_ws/install/my_python_pkg/lib/python3.8/site-packages:/home/azraa/ros2_ws/install/my_py_pkg/lib/python3.8/site-packages:/home/azraa/ros2_ws/install/m2s2_test_python/lib/python3.8/site-packages:/home/azraa/ros2_ws/install/m2s2_custom_interfaces/lib/python3.8/site-packages:/home/azraa/ros2_ws/install/audio_common_msgs/lib/python3.8/site-packages:/opt/ros/foxy/lib/python3.8/site-packages:/opt/ros/noetic/lib/python3/dist-packages /usr/bin/cmake --build /home/azraa/ros2_ws/build/flir_lepton_capture -- -j4 -l4
[0.239s] [35m[1mScanning dependencies of target flir_lepton_publisher[0m
[0.395s] [ 50%] [32mBuilding CXX object CMakeFiles/flir_lepton_publisher.dir/src/flir_lepton_capture.cpp.o[0m
[1.220s] [01m[K/home/azraa/ros2_ws/src/flir_lepton/flir_lepton_capture/src/flir_lepton_capture.cpp:263:68:[m[K [01;35m[Kwarning: [m[Kcharacter constant too long for its type
[1.221s]   263 |   raw_data_pub_ = create_publisher<flir_lepton_msgs::msg::RawData>([01;35m[K'lepton_raw'[m[K,qos);
[1.221s]       |                                                                    [01;35m[K^~~~~~~~~~~~[m[K
[5.643s] [01m[K/home/azraa/ros2_ws/src/flir_lepton/flir_lepton_capture/src/flir_lepton_capture.cpp:[m[K In member function â€˜[01m[Kbool flir_lepton::FlirLeptonNode::init_stream()[m[Kâ€™:
[5.643s] [01m[K/home/azraa/ros2_ws/src/flir_lepton/flir_lepton_capture/src/flir_lepton_capture.cpp:263:84:[m[K [01;31m[Kerror: [m[Kno matching function for call to â€˜[01m[Kflir_lepton::FlirLeptonNode::create_publisher<flir_lepton_msgs::msg::RawData>(int, const rclcpp::QoS&)[m[Kâ€™
[5.644s]   263 |   raw_data_pub_ = create_publisher<flir_lepton_msgs::msg::RawData>('lepton_raw',qos[01;31m[K)[m[K;
[5.644s]       |                                                                                    [01;31m[K^[m[K
[5.644s] In file included from [01m[K/opt/ros/foxy/include/image_transport/image_transport.hpp:43[m[K,
[5.644s]                  from [01m[K/home/azraa/ros2_ws/src/flir_lepton/flir_lepton_capture/src/flir_lepton_capture.cpp:27[m[K:
[5.644s] [01m[K/opt/ros/foxy/include/rclcpp/node.hpp:184:3:[m[K [01;36m[Knote: [m[Kcandidate: â€˜[01m[Ktemplate<class MessageT, class AllocatorT, class PublisherT> std::shared_ptr<PublisherT> rclcpp::Node::create_publisher(const string&, const rclcpp::QoS&, const rclcpp::PublisherOptionsWithAllocator<AllocatorT>&)[m[Kâ€™
[5.644s]   184 |   [01;36m[Kcreate_publisher[m[K(
[5.644s]       |   [01;36m[K^~~~~~~~~~~~~~~~[m[K
[5.645s] [01m[K/opt/ros/foxy/include/rclcpp/node.hpp:184:3:[m[K [01;36m[Knote: [m[K  template argument deduction/substitution failed:
[5.645s] [01m[K/home/azraa/ros2_ws/src/flir_lepton/flir_lepton_capture/src/flir_lepton_capture.cpp:263:68:[m[K [01;36m[Knote: [m[K  cannot convert â€˜[01m[K1601331575[m[Kâ€™ (type â€˜[01m[Kint[m[Kâ€™) to type â€˜[01m[Kconst string&[m[Kâ€™ {aka â€˜[01m[Kconst std::__cxx11::basic_string<char>&[m[Kâ€™}
[5.645s]   263 |   raw_data_pub_ = create_publisher<flir_lepton_msgs::msg::RawData>([01;36m[K'lepton_raw'[m[K,qos);
[5.645s]       |                                                                    [01;36m[K^~~~~~~~~~~~[m[K
[5.662s] [01m[K/home/azraa/ros2_ws/src/flir_lepton/flir_lepton_capture/src/flir_lepton_capture.cpp:[m[K In member function â€˜[01m[Kvoid flir_lepton::FlirLeptonNode::publish_stream()[m[Kâ€™:
[5.662s] [01m[K/home/azraa/ros2_ws/src/flir_lepton/flir_lepton_capture/src/flir_lepton_capture.cpp:407:35:[m[K [01;31m[Kerror: [m[Kâ€˜[01m[Kusing _layout_type = struct example_interfaces::msg::MultiArrayLayout_<std::allocator<void> >[m[Kâ€™ {aka â€˜[01m[Kstruct example_interfaces::msg::MultiArrayLayout_<std::allocator<void> >[m[Kâ€™} has no member named â€˜[01m[Kappend[m[Kâ€™
[5.662s]   407 |       raw_data->raw_values.layout.[01;31m[Kappend[m[K(std_msgs::MultiArrayDimension());
[5.662s]       |                                   [01;31m[K^~~~~~[m[K
[5.663s] [01m[K/home/azraa/ros2_ws/src/flir_lepton/flir_lepton_capture/src/flir_lepton_capture.cpp:407:52:[m[K [01;31m[Kerror: [m[Kâ€˜[01m[KMultiArrayDimension[m[Kâ€™ is not a member of â€˜[01m[Kstd_msgs[m[Kâ€™; did you mean â€˜[01m[Kexample_interfaces::msg::MultiArrayDimension[m[Kâ€™?
[5.663s]   407 |       raw_data->raw_values.layout.append(std_msgs::[01;31m[KMultiArrayDimension[m[K());
[5.664s]       |                                                    [01;31m[K^~~~~~~~~~~~~~~~~~~[m[K
[5.664s] In file included from [01m[K/opt/ros/foxy/include/example_interfaces/msg/multi_array_dimension.hpp:7[m[K,
[5.664s]                  from [01m[K/home/azraa/ros2_ws/src/flir_lepton/flir_lepton_capture/src/flir_lepton_capture.cpp:33[m[K:
[5.664s] [01m[K/opt/ros/foxy/include/example_interfaces/msg/detail/multi_array_dimension__struct.hpp:149:7:[m[K [01;36m[Knote: [m[Kâ€˜[01m[Kexample_interfaces::msg::MultiArrayDimension[m[Kâ€™ declared here
[5.665s]   149 | using [01;36m[KMultiArrayDimension[m[K =
[5.665s]       |       [01;36m[K^~~~~~~~~~~~~~~~~~~[m[K
[5.665s] [01m[K/home/azraa/ros2_ws/src/flir_lepton/flir_lepton_capture/src/flir_lepton_capture.cpp:412:35:[m[K [01;31m[Kerror: [m[Kâ€˜[01m[Kusing _layout_type = struct example_interfaces::msg::MultiArrayLayout_<std::allocator<void> >[m[Kâ€™ {aka â€˜[01m[Kstruct example_interfaces::msg::MultiArrayLayout_<std::allocator<void> >[m[Kâ€™} has no member named â€˜[01m[Kappend[m[Kâ€™
[5.665s]   412 |       raw_data->raw_values.layout.[01;31m[Kappend[m[K(std_msgs::MultiArrayDimension());
[5.666s]       |                                   [01;31m[K^~~~~~[m[K
[5.666s] [01m[K/home/azraa/ros2_ws/src/flir_lepton/flir_lepton_capture/src/flir_lepton_capture.cpp:412:52:[m[K [01;31m[Kerror: [m[Kâ€˜[01m[KMultiArrayDimension[m[Kâ€™ is not a member of â€˜[01m[Kstd_msgs[m[Kâ€™; did you mean â€˜[01m[Kexample_interfaces::msg::MultiArrayDimension[m[Kâ€™?
[5.666s]   412 |       raw_data->raw_values.layout.append(std_msgs::[01;31m[KMultiArrayDimension[m[K());
[5.668s]       |                                                    [01;31m[K^~~~~~~~~~~~~~~~~~~[m[K
[5.668s] In file included from [01m[K/opt/ros/foxy/include/example_interfaces/msg/multi_array_dimension.hpp:7[m[K,
[5.668s]                  from [01m[K/home/azraa/ros2_ws/src/flir_lepton/flir_lepton_capture/src/flir_lepton_capture.cpp:33[m[K:
[5.668s] [01m[K/opt/ros/foxy/include/example_interfaces/msg/detail/multi_array_dimension__struct.hpp:149:7:[m[K [01;36m[Knote: [m[Kâ€˜[01m[Kexample_interfaces::msg::MultiArrayDimension[m[Kâ€™ declared here
[5.668s]   149 | using [01;36m[KMultiArrayDimension[m[K =
[5.668s]       |       [01;36m[K^~~~~~~~~~~~~~~~~~~[m[K
[5.669s] [01m[K/home/azraa/ros2_ws/src/flir_lepton/flir_lepton_capture/src/flir_lepton_capture.cpp:449:21:[m[K [01;31m[Kerror: [m[Kâ€˜[01m[Kusing SharedPtr = class std::shared_ptr<rclcpp::Publisher<flir_lepton_msgs::msg::RawData_<std::allocator<void> > > >[m[Kâ€™ {aka â€˜[01m[Kclass std::shared_ptr<rclcpp::Publisher<flir_lepton_msgs::msg::RawData_<std::allocator<void> > > >[m[Kâ€™} has no member named â€˜[01m[Kpublish[m[Kâ€™
[5.669s]   449 |       raw_data_pub_.[01;31m[Kpublish[m[K(raw_data);
[5.669s]       |                     [01;31m[K^~~~~~~[m[K
[5.673s] [01m[K/home/azraa/ros2_ws/src/flir_lepton/flir_lepton_capture/src/flir_lepton_capture.cpp:[m[K In function â€˜[01m[Kvoid flir_lepton::gst_eos_cb(GstAppSink*, gpointer)[m[Kâ€™:
[5.673s] [01m[K/home/azraa/ros2_ws/src/flir_lepton/flir_lepton_capture/src/flir_lepton_capture.cpp:506:30:[m[K [01;35m[Kwarning: [m[Kunused parameter â€˜[01m[Kappsink[m[Kâ€™ [[01;35m[K-Wunused-parameter[m[K]
[5.673s]   506 | void gst_eos_cb([01;35m[KGstAppSink * appsink[m[K, gpointer user_data)
[5.674s]       |                 [01;35m[K~~~~~~~~~~~~~^~~~~~~[m[K
[5.674s] [01m[K/home/azraa/ros2_ws/src/flir_lepton/flir_lepton_capture/src/flir_lepton_capture.cpp:506:48:[m[K [01;35m[Kwarning: [m[Kunused parameter â€˜[01m[Kuser_data[m[Kâ€™ [[01;35m[K-Wunused-parameter[m[K]
[5.674s]   506 | void gst_eos_cb(GstAppSink * appsink, [01;35m[Kgpointer user_data[m[K)
[5.674s]       |                                       [01;35m[K~~~~~~~~~^~~~~~~~~[m[K
[5.674s] [01m[K/home/azraa/ros2_ws/src/flir_lepton/flir_lepton_capture/src/flir_lepton_capture.cpp:[m[K In function â€˜[01m[KGstFlowReturn flir_lepton::gst_new_preroll_cb(GstAppSink*, gpointer)[m[Kâ€™:
[5.674s] [01m[K/home/azraa/ros2_ws/src/flir_lepton/flir_lepton_capture/src/flir_lepton_capture.cpp:509:47:[m[K [01;35m[Kwarning: [m[Kunused parameter â€˜[01m[Kappsink[m[Kâ€™ [[01;35m[K-Wunused-parameter[m[K]
[5.675s]   509 | GstFlowReturn gst_new_preroll_cb([01;35m[KGstAppSink * appsink[m[K, gpointer user_data)
[5.675s]       |                                  [01;35m[K~~~~~~~~~~~~~^~~~~~~[m[K
[5.675s] [01m[K/home/azraa/ros2_ws/src/flir_lepton/flir_lepton_capture/src/flir_lepton_capture.cpp:509:65:[m[K [01;35m[Kwarning: [m[Kunused parameter â€˜[01m[Kuser_data[m[Kâ€™ [[01;35m[K-Wunused-parameter[m[K]
[5.675s]   509 | GstFlowReturn gst_new_preroll_cb(GstAppSink * appsink, [01;35m[Kgpointer user_data[m[K)
[5.675s]       |                                                        [01;35m[K~~~~~~~~~^~~~~~~~~[m[K
[5.675s] [01m[K/home/azraa/ros2_ws/src/flir_lepton/flir_lepton_capture/src/flir_lepton_capture.cpp:[m[K In function â€˜[01m[KGstFlowReturn flir_lepton::gst_new_asample_cb(GstAppSink*, gpointer)[m[Kâ€™:
[5.675s] [01m[K/home/azraa/ros2_ws/src/flir_lepton/flir_lepton_capture/src/flir_lepton_capture.cpp:513:47:[m[K [01;35m[Kwarning: [m[Kunused parameter â€˜[01m[Kappsink[m[Kâ€™ [[01;35m[K-Wunused-parameter[m[K]
[5.676s]   513 | GstFlowReturn gst_new_asample_cb([01;35m[KGstAppSink * appsink[m[K, gpointer user_data)
[5.676s]       |                                  [01;35m[K~~~~~~~~~~~~~^~~~~~~[m[K
[5.676s] [01m[K/home/azraa/ros2_ws/src/flir_lepton/flir_lepton_capture/src/flir_lepton_capture.cpp:513:65:[m[K [01;35m[Kwarning: [m[Kunused parameter â€˜[01m[Kuser_data[m[Kâ€™ [[01;35m[K-Wunused-parameter[m[K]
[5.676s]   513 | GstFlowReturn gst_new_asample_cb(GstAppSink * appsink, [01;35m[Kgpointer user_data[m[K)
[5.676s]       |                                                        [01;35m[K~~~~~~~~~^~~~~~~~~[m[K
[6.880s] make[2]: *** [CMakeFiles/flir_lepton_publisher.dir/build.make:63: CMakeFiles/flir_lepton_publisher.dir/src/flir_lepton_capture.cpp.o] Error 1
[6.880s] make[1]: *** [CMakeFiles/Makefile2:78: CMakeFiles/flir_lepton_publisher.dir/all] Error 2
[6.880s] make: *** [Makefile:141: all] Error 2
[6.887s] Invoked command in '/home/azraa/ros2_ws/build/flir_lepton_capture' returned '2': CMAKE_PREFIX_PATH=/home/azraa/ros2_ws/install/flir_lepton_msgs:/home/azraa/ros2_ws/install/v4l2_camera:/home/azraa/ros2_ws/install/audio_common:/home/azraa/ros2_ws/install/sound_play:/home/azraa/ros2_ws/install/my_robot_bringup:/home/azraa/ros2_ws/install/my_cpp_pkg:/home/azraa/ros2_ws/install/my_robot_interfaces:/home/azraa/ros2_ws/install/bme280:/home/azraa/ros2_ws/install/m2s2_custom_interfaces:/home/azraa/ros2_ws/install/m2s2_bringup:/home/azraa/ros2_ws/install/gscam:/home/azraa/ros2_ws/install/flir_lepton_capture:/home/azraa/ros2_ws/install/audio_play:/home/azraa/ros2_ws/install/audio_capture:/home/azraa/ros2_ws/install/audio_common_msgs:/home/azraa/ros2_ws/install/m2s2_test_python:/opt/ros/foxy:/opt/ros/noetic LD_LIBRARY_PATH=/home/azraa/ros2_ws/install/flir_lepton_msgs/lib:/home/azraa/ros2_ws/install/v4l2_camera/lib:/home/azraa/ros2_ws/install/sound_play/lib:/home/azraa/ros2_ws/install/my_robot_interfaces/lib:/home/azraa/ros2_ws/install/m2s2_custom_interfaces/lib:/home/azraa/ros2_ws/install/gscam/lib:/home/azraa/ros2_ws/install/audio_common_msgs/lib:/opt/ros/foxy/opt/yaml_cpp_vendor/lib:/opt/ros/foxy/opt/rviz_ogre_vendor/lib:/opt/ros/foxy/lib/x86_64-linux-gnu:/opt/ros/foxy/lib:/opt/ros/noetic/lib PYTHONPATH=/home/azraa/ros2_ws/install/flir_lepton_msgs/lib/python3.8/site-packages:/home/azraa/ros2_ws/install/sound_play/lib/python3.8/site-packages:/home/azraa/ros2_ws/install/my_robot_interfaces/lib/python3.8/site-packages:/home/azraa/ros2_ws/install/my_python_pkg/lib/python3.8/site-packages:/home/azraa/ros2_ws/install/my_py_pkg/lib/python3.8/site-packages:/home/azraa/ros2_ws/install/m2s2_test_python/lib/python3.8/site-packages:/home/azraa/ros2_ws/install/m2s2_custom_interfaces/lib/python3.8/site-packages:/home/azraa/ros2_ws/install/audio_common_msgs/lib/python3.8/site-packages:/opt/ros/foxy/lib/python3.8/site-packages:/opt/ros/noetic/lib/python3/dist-packages /usr/bin/cmake --build /home/azraa/ros2_ws/build/flir_lepton_capture -- -j4 -l4
