[01m[K/home/azraa/ros2_ws/src/flir_lepton/flir_lepton_capture/src/flir_lepton_capture.cpp:29:10:[m[K [01;31m[Kfatal error: [m[Kflir_lepton/flir_lepton.hpp: No such file or directory
   29 | #include [01;31m[K"flir_lepton/flir_lepton.hpp"[m[K
      |          [01;31m[K^~~~~~~~~~~~~~~~~~~~~~~~~~~~~[m[K
compilation terminated.
make[2]: *** [CMakeFiles/flir_lepton_capture.dir/build.make:63: CMakeFiles/flir_lepton_capture.dir/src/flir_lepton_capture.cpp.o] Error 1
make[1]: *** [CMakeFiles/Makefile2:107: CMakeFiles/flir_lepton_capture.dir/all] Error 2
make[1]: *** Waiting for unfinished jobs....
make: *** [Makefile:141: all] Error 2
