-- Found ament_cmake: 0.9.9 (/opt/ros/foxy/share/ament_cmake/cmake)
-- Using PYTHON_EXECUTABLE: /usr/bin/python3
-- Found class_loader: 2.0.2 (/opt/ros/foxy/share/class_loader/cmake)
-- Found rclcpp: 2.4.1 (/opt/ros/foxy/share/rclcpp/cmake)
-- Using all available rosidl_typesupport_c: rosidl_typesupport_fastrtps_c;rosidl_typesupport_introspection_c
-- Found rosidl_adapter: 1.2.1 (/opt/ros/foxy/share/rosidl_adapter/cmake)
-- Using all available rosidl_typesupport_cpp: rosidl_typesupport_fastrtps_cpp;rosidl_typesupport_introspection_cpp
-- Found rmw_implementation_cmake: 1.0.3 (/opt/ros/foxy/share/rmw_implementation_cmake/cmake)
-- Using RMW implementation 'rmw_fastrtps_cpp' as default
-- Found rclcpp_components: 2.4.1 (/opt/ros/foxy/share/rclcpp_components/cmake)
-- Found example_interfaces: 0.9.1 (/opt/ros/foxy/share/example_interfaces/cmake)
-- Configuring done
-- Generating done
-- Build files have been written to: /home/azraa/ros2_ws/build/flir_lepton_capture
[35m[1mScanning dependencies of target flir_lepton_capture[0m
[35m[1mScanning dependencies of target lepton_node[0m
[ 25%] [32mBuilding CXX object CMakeFiles/lepton_node.dir/rclcpp_components/node_main_lepton_node.cpp.o[0m
[ 50%] [32mBuilding CXX object CMakeFiles/flir_lepton_capture.dir/src/flir_lepton_capture.cpp.o[0m
[01m[K/home/azraa/ros2_ws/src/flir_lepton/flir_lepton_capture/src/flir_lepton_capture.cpp:29:10:[m[K [01;31m[Kfatal error: [m[Kflir_lepton/flir_lepton.hpp: No such file or directory
   29 | #include [01;31m[K"flir_lepton/flir_lepton.hpp"[m[K
      |          [01;31m[K^~~~~~~~~~~~~~~~~~~~~~~~~~~~~[m[K
compilation terminated.
make[2]: *** [CMakeFiles/flir_lepton_capture.dir/build.make:63: CMakeFiles/flir_lepton_capture.dir/src/flir_lepton_capture.cpp.o] Error 1
make[1]: *** [CMakeFiles/Makefile2:107: CMakeFiles/flir_lepton_capture.dir/all] Error 2
make[1]: *** Waiting for unfinished jobs....
[ 75%] [32m[1mLinking CXX executable lepton_node[0m
[ 75%] Built target lepton_node
make: *** [Makefile:141: all] Error 2
