[0.031s] Invoking command in '/home/azraa/ros2_ws/build/flir_lepton_capture': CMAKE_PREFIX_PATH=/home/azraa/ros2_ws/install/m2s2_custom_interfaces:/home/azraa/ros2_ws/install/v4l2_camera:/home/azraa/ros2_ws/install/audio_common:/home/azraa/ros2_ws/install/sound_play:/home/azraa/ros2_ws/install/my_robot_bringup:/home/azraa/ros2_ws/install/my_cpp_pkg:/home/azraa/ros2_ws/install/my_robot_interfaces:/home/azraa/ros2_ws/install/flir_lepton_capture:/home/azraa/ros2_ws/install/bme280:/home/azraa/ros2_ws/install/m2s2_bringup:/home/azraa/ros2_ws/install/gscam:/home/azraa/ros2_ws/install/flir_lepton_msgs:/home/azraa/ros2_ws/install/audio_play:/home/azraa/ros2_ws/install/audio_capture:/home/azraa/ros2_ws/install/audio_common_msgs:/home/azraa/ros2_ws/install/m2s2_test_python:/opt/ros/foxy:/opt/ros/noetic LD_LIBRARY_PATH=/home/azraa/ros2_ws/install/m2s2_custom_interfaces/lib:/home/azraa/ros2_ws/install/v4l2_camera/lib:/home/azraa/ros2_ws/install/sound_play/lib:/home/azraa/ros2_ws/install/my_robot_interfaces/lib:/home/azraa/ros2_ws/install/gscam/lib:/home/azraa/ros2_ws/install/flir_lepton_msgs/lib:/home/azraa/ros2_ws/install/audio_common_msgs/lib:/opt/ros/foxy/opt/yaml_cpp_vendor/lib:/opt/ros/foxy/opt/rviz_ogre_vendor/lib:/opt/ros/foxy/lib/x86_64-linux-gnu:/opt/ros/foxy/lib:/opt/ros/noetic/lib PYTHONPATH=/home/azraa/ros2_ws/install/m2s2_custom_interfaces/lib/python3.8/site-packages:/home/azraa/ros2_ws/install/sound_play/lib/python3.8/site-packages:/home/azraa/ros2_ws/install/my_robot_interfaces/lib/python3.8/site-packages:/home/azraa/ros2_ws/install/my_python_pkg/lib/python3.8/site-packages:/home/azraa/ros2_ws/install/my_py_pkg/lib/python3.8/site-packages:/home/azraa/ros2_ws/install/m2s2_test_python/lib/python3.8/site-packages:/home/azraa/ros2_ws/install/flir_lepton_msgs/lib/python3.8/site-packages:/home/azraa/ros2_ws/install/audio_common_msgs/lib/python3.8/site-packages:/opt/ros/foxy/lib/python3.8/site-packages:/opt/ros/noetic/lib/python3/dist-packages /usr/bin/cmake --build /home/azraa/ros2_ws/build/flir_lepton_capture -- -j4 -l4
[0.090s] [35m[1mScanning dependencies of target flir_lepton_publisher[0m
[0.143s] [ 50%] [32mBuilding CXX object CMakeFiles/flir_lepton_publisher.dir/src/flir_lepton_capture.cpp.o[0m
[2.914s] [01m[K/home/azraa/ros2_ws/src/flir_lepton/flir_lepton_capture/src/flir_lepton_capture.cpp:[m[K In member function â€˜[01m[Kvoid flir_lepton::FlirLeptonNode::publish_stream()[m[Kâ€™:
[2.914s] [01m[K/home/azraa/ros2_ws/src/flir_lepton/flir_lepton_capture/src/flir_lepton_capture.cpp:419:24:[m[K [01;31m[Kerror: [m[Kâ€˜[01m[Kusing _layout_type = struct example_interfaces::msg::MultiArrayLayout_<std::allocator<void> >[m[Kâ€™ {aka â€˜[01m[Kstruct example_interfaces::msg::MultiArrayLayout_<std::allocator<void> >[m[Kâ€™} has no member named â€˜[01m[Kpush_back[m[Kâ€™
[2.914s]   419 |       raw_data->layout.[01;31m[Kpush_back[m[K(example_interfaces::MultiArrayDimension());
[2.914s]       |                        [01;31m[K^~~~~~~~~[m[K
[2.916s] [01m[K/home/azraa/ros2_ws/src/flir_lepton/flir_lepton_capture/src/flir_lepton_capture.cpp:419:54:[m[K [01;31m[Kerror: [m[Kâ€˜[01m[KMultiArrayDimension[m[Kâ€™ is not a member of â€˜[01m[Kexample_interfaces[m[Kâ€™; did you mean â€˜[01m[Kexample_interfaces::msg::MultiArrayDimension[m[Kâ€™?
[2.917s]   419 |       raw_data->layout.push_back(example_interfaces::[01;31m[KMultiArrayDimension[m[K());
[2.917s]       |                                                      [01;31m[K^~~~~~~~~~~~~~~~~~~[m[K
[2.917s] In file included from [01m[K/opt/ros/foxy/include/example_interfaces/msg/multi_array_dimension.hpp:7[m[K,
[2.917s]                  from [01m[K/home/azraa/ros2_ws/src/flir_lepton/flir_lepton_capture/src/flir_lepton_capture.cpp:33[m[K:
[2.917s] [01m[K/opt/ros/foxy/include/example_interfaces/msg/detail/multi_array_dimension__struct.hpp:149:7:[m[K [01;36m[Knote: [m[Kâ€˜[01m[Kexample_interfaces::msg::MultiArrayDimension[m[Kâ€™ declared here
[2.917s]   149 | using [01;36m[KMultiArrayDimension[m[K =
[2.918s]       |       [01;36m[K^~~~~~~~~~~~~~~~~~~[m[K
[2.918s] [01m[K/home/azraa/ros2_ws/src/flir_lepton/flir_lepton_capture/src/flir_lepton_capture.cpp:425:24:[m[K [01;31m[Kerror: [m[Kâ€˜[01m[Kusing _layout_type = struct example_interfaces::msg::MultiArrayLayout_<std::allocator<void> >[m[Kâ€™ {aka â€˜[01m[Kstruct example_interfaces::msg::MultiArrayLayout_<std::allocator<void> >[m[Kâ€™} has no member named â€˜[01m[Kpush_back[m[Kâ€™
[2.918s]   425 |       raw_data->layout.[01;31m[Kpush_back[m[K(example_interfaces::MultiArrayDimension());
[2.918s]       |                        [01;31m[K^~~~~~~~~[m[K
[2.919s] [01m[K/home/azraa/ros2_ws/src/flir_lepton/flir_lepton_capture/src/flir_lepton_capture.cpp:425:54:[m[K [01;31m[Kerror: [m[Kâ€˜[01m[KMultiArrayDimension[m[Kâ€™ is not a member of â€˜[01m[Kexample_interfaces[m[Kâ€™; did you mean â€˜[01m[Kexample_interfaces::msg::MultiArrayDimension[m[Kâ€™?
[2.919s]   425 |       raw_data->layout.push_back(example_interfaces::[01;31m[KMultiArrayDimension[m[K());
[2.919s]       |                                                      [01;31m[K^~~~~~~~~~~~~~~~~~~[m[K
[2.919s] In file included from [01m[K/opt/ros/foxy/include/example_interfaces/msg/multi_array_dimension.hpp:7[m[K,
[2.919s]                  from [01m[K/home/azraa/ros2_ws/src/flir_lepton/flir_lepton_capture/src/flir_lepton_capture.cpp:33[m[K:
[2.919s] [01m[K/opt/ros/foxy/include/example_interfaces/msg/detail/multi_array_dimension__struct.hpp:149:7:[m[K [01;36m[Knote: [m[Kâ€˜[01m[Kexample_interfaces::msg::MultiArrayDimension[m[Kâ€™ declared here
[2.920s]   149 | using [01;36m[KMultiArrayDimension[m[K =
[2.920s]       |       [01;36m[K^~~~~~~~~~~~~~~~~~~[m[K
[2.924s] [01m[K/home/azraa/ros2_ws/src/flir_lepton/flir_lepton_capture/src/flir_lepton_capture.cpp:[m[K In function â€˜[01m[Kvoid flir_lepton::gst_eos_cb(GstAppSink*, gpointer)[m[Kâ€™:
[2.924s] [01m[K/home/azraa/ros2_ws/src/flir_lepton/flir_lepton_capture/src/flir_lepton_capture.cpp:521:30:[m[K [01;35m[Kwarning: [m[Kunused parameter â€˜[01m[Kappsink[m[Kâ€™ [[01;35m[K-Wunused-parameter[m[K]
[2.924s]   521 | void gst_eos_cb([01;35m[KGstAppSink * appsink[m[K, gpointer user_data)
[2.924s]       |                 [01;35m[K~~~~~~~~~~~~~^~~~~~~[m[K
[2.925s] [01m[K/home/azraa/ros2_ws/src/flir_lepton/flir_lepton_capture/src/flir_lepton_capture.cpp:521:48:[m[K [01;35m[Kwarning: [m[Kunused parameter â€˜[01m[Kuser_data[m[Kâ€™ [[01;35m[K-Wunused-parameter[m[K]
[2.925s]   521 | void gst_eos_cb(GstAppSink * appsink, [01;35m[Kgpointer user_data[m[K)
[2.925s]       |                                       [01;35m[K~~~~~~~~~^~~~~~~~~[m[K
[2.925s] [01m[K/home/azraa/ros2_ws/src/flir_lepton/flir_lepton_capture/src/flir_lepton_capture.cpp:[m[K In function â€˜[01m[KGstFlowReturn flir_lepton::gst_new_preroll_cb(GstAppSink*, gpointer)[m[Kâ€™:
[2.925s] [01m[K/home/azraa/ros2_ws/src/flir_lepton/flir_lepton_capture/src/flir_lepton_capture.cpp:524:47:[m[K [01;35m[Kwarning: [m[Kunused parameter â€˜[01m[Kappsink[m[Kâ€™ [[01;35m[K-Wunused-parameter[m[K]
[2.925s]   524 | GstFlowReturn gst_new_preroll_cb([01;35m[KGstAppSink * appsink[m[K, gpointer user_data)
[2.925s]       |                                  [01;35m[K~~~~~~~~~~~~~^~~~~~~[m[K
[2.925s] [01m[K/home/azraa/ros2_ws/src/flir_lepton/flir_lepton_capture/src/flir_lepton_capture.cpp:524:65:[m[K [01;35m[Kwarning: [m[Kunused parameter â€˜[01m[Kuser_data[m[Kâ€™ [[01;35m[K-Wunused-parameter[m[K]
[2.925s]   524 | GstFlowReturn gst_new_preroll_cb(GstAppSink * appsink, [01;35m[Kgpointer user_data[m[K)
[2.925s]       |                                                        [01;35m[K~~~~~~~~~^~~~~~~~~[m[K
[2.926s] [01m[K/home/azraa/ros2_ws/src/flir_lepton/flir_lepton_capture/src/flir_lepton_capture.cpp:[m[K In function â€˜[01m[KGstFlowReturn flir_lepton::gst_new_asample_cb(GstAppSink*, gpointer)[m[Kâ€™:
[2.926s] [01m[K/home/azraa/ros2_ws/src/flir_lepton/flir_lepton_capture/src/flir_lepton_capture.cpp:528:47:[m[K [01;35m[Kwarning: [m[Kunused parameter â€˜[01m[Kappsink[m[Kâ€™ [[01;35m[K-Wunused-parameter[m[K]
[2.926s]   528 | GstFlowReturn gst_new_asample_cb([01;35m[KGstAppSink * appsink[m[K, gpointer user_data)
[2.926s]       |                                  [01;35m[K~~~~~~~~~~~~~^~~~~~~[m[K
[2.926s] [01m[K/home/azraa/ros2_ws/src/flir_lepton/flir_lepton_capture/src/flir_lepton_capture.cpp:528:65:[m[K [01;35m[Kwarning: [m[Kunused parameter â€˜[01m[Kuser_data[m[Kâ€™ [[01;35m[K-Wunused-parameter[m[K]
[2.926s]   528 | GstFlowReturn gst_new_asample_cb(GstAppSink * appsink, [01;35m[Kgpointer user_data[m[K)
[2.926s]       |                                                        [01;35m[K~~~~~~~~~^~~~~~~~~[m[K
[4.032s] make[2]: *** [CMakeFiles/flir_lepton_publisher.dir/build.make:63: CMakeFiles/flir_lepton_publisher.dir/src/flir_lepton_capture.cpp.o] Error 1
[4.034s] make[1]: *** [CMakeFiles/Makefile2:78: CMakeFiles/flir_lepton_publisher.dir/all] Error 2
[4.034s] make: *** [Makefile:141: all] Error 2
[4.035s] Invoked command in '/home/azraa/ros2_ws/build/flir_lepton_capture' returned '2': CMAKE_PREFIX_PATH=/home/azraa/ros2_ws/install/m2s2_custom_interfaces:/home/azraa/ros2_ws/install/v4l2_camera:/home/azraa/ros2_ws/install/audio_common:/home/azraa/ros2_ws/install/sound_play:/home/azraa/ros2_ws/install/my_robot_bringup:/home/azraa/ros2_ws/install/my_cpp_pkg:/home/azraa/ros2_ws/install/my_robot_interfaces:/home/azraa/ros2_ws/install/flir_lepton_capture:/home/azraa/ros2_ws/install/bme280:/home/azraa/ros2_ws/install/m2s2_bringup:/home/azraa/ros2_ws/install/gscam:/home/azraa/ros2_ws/install/flir_lepton_msgs:/home/azraa/ros2_ws/install/audio_play:/home/azraa/ros2_ws/install/audio_capture:/home/azraa/ros2_ws/install/audio_common_msgs:/home/azraa/ros2_ws/install/m2s2_test_python:/opt/ros/foxy:/opt/ros/noetic LD_LIBRARY_PATH=/home/azraa/ros2_ws/install/m2s2_custom_interfaces/lib:/home/azraa/ros2_ws/install/v4l2_camera/lib:/home/azraa/ros2_ws/install/sound_play/lib:/home/azraa/ros2_ws/install/my_robot_interfaces/lib:/home/azraa/ros2_ws/install/gscam/lib:/home/azraa/ros2_ws/install/flir_lepton_msgs/lib:/home/azraa/ros2_ws/install/audio_common_msgs/lib:/opt/ros/foxy/opt/yaml_cpp_vendor/lib:/opt/ros/foxy/opt/rviz_ogre_vendor/lib:/opt/ros/foxy/lib/x86_64-linux-gnu:/opt/ros/foxy/lib:/opt/ros/noetic/lib PYTHONPATH=/home/azraa/ros2_ws/install/m2s2_custom_interfaces/lib/python3.8/site-packages:/home/azraa/ros2_ws/install/sound_play/lib/python3.8/site-packages:/home/azraa/ros2_ws/install/my_robot_interfaces/lib/python3.8/site-packages:/home/azraa/ros2_ws/install/my_python_pkg/lib/python3.8/site-packages:/home/azraa/ros2_ws/install/my_py_pkg/lib/python3.8/site-packages:/home/azraa/ros2_ws/install/m2s2_test_python/lib/python3.8/site-packages:/home/azraa/ros2_ws/install/flir_lepton_msgs/lib/python3.8/site-packages:/home/azraa/ros2_ws/install/audio_common_msgs/lib/python3.8/site-packages:/opt/ros/foxy/lib/python3.8/site-packages:/opt/ros/noetic/lib/python3/dist-packages /usr/bin/cmake --build /home/azraa/ros2_ws/build/flir_lepton_capture -- -j4 -l4
