[01m[K/home/azraa/ros2_ws/src/flir_lepton/flir_lepton_capture/src/flir_lepton_capture.cpp:264:68:[m[K [01;35m[Kwarning: [m[Kcharacter constant too long for its type
  264 | ub_ = create_publisher<flir_lepton_msgs::msg::RawData>([01;35m[K'lepton_raw'[m[K,qos);
      |                                                        [01;35m[K^~~~~~~~~~~~[m[K

[01m[K/home/azraa/ros2_ws/src/flir_lepton/flir_lepton_capture/src/flir_lepton_capture.cpp:[m[K In constructor â€˜[01m[Kflir_lepton::FlirLeptonNode::FlirLeptonNode(const rclcpp::NodeOptions&)[m[Kâ€™:
[01m[K/home/azraa/ros2_ws/src/flir_lepton/flir_lepton_capture/src/flir_lepton_capture.cpp:54:3:[m[K [01;31m[Kerror: [m[Kclass â€˜[01m[Kflir_lepton::FlirLeptonNode[m[Kâ€™ does not have any field named â€˜[01m[Kcamera_info_manager_[m[Kâ€™
   54 |   [01;31m[Kcamera_info_manager_[m[K(this),
      |   [01;31m[K^~~~~~~~~~~~~~~~~~~~[m[K
[01m[K/home/azraa/ros2_ws/src/flir_lepton/flir_lepton_capture/src/flir_lepton_capture.cpp:[m[K At global scope:
[01m[K/home/azraa/ros2_ws/src/flir_lepton/flir_lepton_capture/src/flir_lepton_capture.cpp:150:6:[m[K [01;31m[Kerror: [m[Kâ€˜[01m[KGSCam[m[Kâ€™ has not been declared
  150 | bool [01;31m[KGSCam[m[K::init_stream()
      |      [01;31m[K^~~~~[m[K
In file included from [01m[K/opt/ros/foxy/include/rclcpp/service.hpp:34[m[K,
                 from [01m[K/opt/ros/foxy/include/rclcpp/callback_group.hpp:25[m[K,
                 from [01m[K/opt/ros/foxy/include/rclcpp/node.hpp:39[m[K,
                 from [01m[K/opt/ros/foxy/include/image_transport/image_transport.hpp:43[m[K,
                 from [01m[K/home/azraa/ros2_ws/src/flir_lepton/flir_lepton_capture/src/flir_lepton_capture.cpp:27[m[K:
[01m[K/home/azraa/ros2_ws/src/flir_lepton/flir_lepton_capture/src/flir_lepton_capture.cpp:[m[K In function â€˜[01m[Kbool flir_lepton::init_stream()[m[Kâ€™:
[01m[K/home/azraa/ros2_ws/src/flir_lepton/flir_lepton_capture/src/flir_lepton_capture.cpp:154:25:[m[K [01;31m[Kerror: [m[Kâ€˜[01m[Kget_logger[m[Kâ€™ was not declared in this scope; did you mean â€˜[01m[Krclcpp::get_logger[m[Kâ€™?
  154 |     RCLCPP_DEBUG_STREAM([01;31m[Kget_logger[m[K(), "Initializing gstreamer...");
      |                         [01;31m[K^~~~~~~~~~[m[K
In file included from [01m[K/opt/ros/foxy/include/rclcpp/logging.hpp:23[m[K,
                 from [01m[K/opt/ros/foxy/include/rclcpp/service.hpp:34[m[K,
                 from [01m[K/opt/ros/foxy/include/rclcpp/callback_group.hpp:25[m[K,
                 from [01m[K/opt/ros/foxy/include/rclcpp/node.hpp:39[m[K,
                 from [01m[K/opt/ros/foxy/include/image_transport/image_transport.hpp:43[m[K,
                 from [01m[K/home/azraa/ros2_ws/src/flir_lepton/flir_lepton_capture/src/flir_lepton_capture.cpp:27[m[K:
[01m[K/opt/ros/foxy/include/rclcpp/logger.hpp:80:17:[m[K [01;36m[Knote: [m[Kâ€˜[01m[Krclcpp::get_logger[m[Kâ€™ declared here
   80 |   friend Logger [01;36m[Krclcpp[m[K::get_logger(const std::string & name);
      |                 [01;36m[K^~~~~~[m[K
In file included from [01m[K/opt/ros/foxy/include/rclcpp/service.hpp:34[m[K,
                 from [01m[K/opt/ros/foxy/include/rclcpp/callback_group.hpp:25[m[K,
                 from [01m[K/opt/ros/foxy/include/rclcpp/node.hpp:39[m[K,
                 from [01m[K/opt/ros/foxy/include/image_transport/image_transport.hpp:43[m[K,
                 from [01m[K/home/azraa/ros2_ws/src/flir_lepton/flir_lepton_capture/src/flir_lepton_capture.cpp:27[m[K:
[01m[K/home/azraa/ros2_ws/src/flir_lepton/flir_lepton_capture/src/flir_lepton_capture.cpp:154:5:[m[K [01;31m[Kerror: [m[Ktemplate argument 1 is invalid
  154 |     [01;31m[KRCLCPP_DEBUG_STREAM[m[K(get_logger(), "Initializing gstreamer...");
      |     [01;31m[K^~~~~~~~~~~~~~~~~~~[m[K
[01m[K/home/azraa/ros2_ws/src/flir_lepton/flir_lepton_capture/src/flir_lepton_capture.cpp:154:5:[m[K [01;31m[Kerror: [m[Ktemplate argument 1 is invalid
  154 |     [01;31m[KRCLCPP_DEBUG_STREAM[m[K(get_logger(), "Initializing gstreamer...");
      |     [01;31m[K^~~~~~~~~~~~~~~~~~~[m[K
[01m[K/home/azraa/ros2_ws/src/flir_lepton/flir_lepton_capture/src/flir_lepton_capture.cpp:154:5:[m[K [01;31m[Kerror: [m[Ktemplate argument 1 is invalid
  154 |     [01;31m[KRCLCPP_DEBUG_STREAM[m[K(get_logger(), "Initializing gstreamer...");
      |     [01;31m[K^~~~~~~~~~~~~~~~~~~[m[K
[01m[K/home/azraa/ros2_ws/src/flir_lepton/flir_lepton_capture/src/flir_lepton_capture.cpp:158:23:[m[K [01;31m[Kerror: [m[Kâ€˜[01m[Kget_logger[m[Kâ€™ was not declared in this scope; did you mean â€˜[01m[Krclcpp::get_logger[m[Kâ€™?
  158 |   RCLCPP_DEBUG_STREAM([01;31m[Kget_logger[m[K(), "Gstreamer Version: " << gst_version_string() );
      |                       [01;31m[K^~~~~~~~~~[m[K
In file included from [01m[K/opt/ros/foxy/include/rclcpp/logging.hpp:23[m[K,
                 from [01m[K/opt/ros/foxy/include/rclcpp/service.hpp:34[m[K,
                 from [01m[K/opt/ros/foxy/include/rclcpp/callback_group.hpp:25[m[K,
                 from [01m[K/opt/ros/foxy/include/rclcpp/node.hpp:39[m[K,
                 from [01m[K/opt/ros/foxy/include/image_transport/image_transport.hpp:43[m[K,
                 from [01m[K/home/azraa/ros2_ws/src/flir_lepton/flir_lepton_capture/src/flir_lepton_capture.cpp:27[m[K:
[01m[K/opt/ros/foxy/include/rclcpp/logger.hpp:80:17:[m[K [01;36m[Knote: [m[Kâ€˜[01m[Krclcpp::get_logger[m[Kâ€™ declared here
   80 |   friend Logger [01;36m[Krclcpp[m[K::get_logger(const std::string & name);
      |                 [01;36m[K^~~~~~[m[K
In file included from [01m[K/opt/ros/foxy/include/rclcpp/service.hpp:34[m[K,
                 from [01m[K/opt/ros/foxy/include/rclcpp/callback_group.hpp:25[m[K,
                 from [01m[K/opt/ros/foxy/include/rclcpp/node.hpp:39[m[K,
                 from [01m[K/opt/ros/foxy/include/image_transport/image_transport.hpp:43[m[K,
                 from [01m[K/home/azraa/ros2_ws/src/flir_lepton/flir_lepton_capture/src/flir_lepton_capture.cpp:27[m[K:
[01m[K/home/azraa/ros2_ws/src/flir_lepton/flir_lepton_capture/src/flir_lepton_capture.cpp:158:3:[m[K [01;31m[Kerror: [m[Ktemplate argument 1 is invalid
  158 |   [01;31m[KRCLCPP_DEBUG_STREAM[m[K(get_logger(), "Gstreamer Version: " << gst_version_string() );
      |   [01;31m[K^~~~~~~~~~~~~~~~~~~[m[K
[01m[K/home/azraa/ros2_ws/src/flir_lepton/flir_lepton_capture/src/flir_lepton_capture.cpp:158:3:[m[K [01;31m[Kerror: [m[Ktemplate argument 1 is invalid
  158 |   [01;31m[KRCLCPP_DEBUG_STREAM[m[K(get_logger(), "Gstreamer Version: " << gst_version_string() );
      |   [01;31m[K^~~~~~~~~~~~~~~~~~~[m[K
[01m[K/home/azraa/ros2_ws/src/flir_lepton/flir_lepton_capture/src/flir_lepton_capture.cpp:158:3:[m[K [01;31m[Kerror: [m[Ktemplate argument 1 is invalid
  158 |   [01;31m[KRCLCPP_DEBUG_STREAM[m[K(get_logger(), "Gstreamer Version: " << gst_version_string() );
      |   [01;31m[K^~~~~~~~~~~~~~~~~~~[m[K
[01m[K/home/azraa/ros2_ws/src/flir_lepton/flir_lepton_capture/src/flir_lepton_capture.cpp:162:3:[m[K [01;31m[Kerror: [m[Kâ€˜[01m[Kpipeline_[m[Kâ€™ was not declared in this scope
  162 |   [01;31m[Kpipeline_[m[K = gst_parse_launch(gsconfig_.c_str(), &error);
      |   [01;31m[K^~~~~~~~~[m[K
[01m[K/home/azraa/ros2_ws/src/flir_lepton/flir_lepton_capture/src/flir_lepton_capture.cpp:162:32:[m[K [01;31m[Kerror: [m[Kâ€˜[01m[Kgsconfig_[m[Kâ€™ was not declared in this scope
  162 |   pipeline_ = gst_parse_launch([01;31m[Kgsconfig_[m[K.c_str(), &error);
      |                                [01;31m[K^~~~~~~~~[m[K
In file included from [01m[K/opt/ros/foxy/include/rclcpp/service.hpp:34[m[K,
                 from [01m[K/opt/ros/foxy/include/rclcpp/callback_group.hpp:25[m[K,
                 from [01m[K/opt/ros/foxy/include/rclcpp/node.hpp:39[m[K,
                 from [01m[K/opt/ros/foxy/include/image_transport/image_transport.hpp:43[m[K,
                 from [01m[K/home/azraa/ros2_ws/src/flir_lepton/flir_lepton_capture/src/flir_lepton_capture.cpp:27[m[K:
[01m[K/home/azraa/ros2_ws/src/flir_lepton/flir_lepton_capture/src/flir_lepton_capture.cpp:164:25:[m[K [01;31m[Kerror: [m[Kâ€˜[01m[Kget_logger[m[Kâ€™ was not declared in this scope; did you mean â€˜[01m[Krclcpp::get_logger[m[Kâ€™?
  164 |     RCLCPP_FATAL_STREAM([01;31m[Kget_logger[m[K(), error->message);
      |                         [01;31m[K^~~~~~~~~~[m[K
In file included from [01m[K/opt/ros/foxy/include/rclcpp/logging.hpp:23[m[K,
                 from [01m[K/opt/ros/foxy/include/rclcpp/service.hpp:34[m[K,
                 from [01m[K/opt/ros/foxy/include/rclcpp/callback_group.hpp:25[m[K,
                 from [01m[K/opt/ros/foxy/include/rclcpp/node.hpp:39[m[K,
                 from [01m[K/opt/ros/foxy/include/image_transport/image_transport.hpp:43[m[K,
                 from [01m[K/home/azraa/ros2_ws/src/flir_lepton/flir_lepton_capture/src/flir_lepton_capture.cpp:27[m[K:
[01m[K/opt/ros/foxy/include/rclcpp/logger.hpp:80:17:[m[K [01;36m[Knote: [m[Kâ€˜[01m[Krclcpp::get_logger[m[Kâ€™ declared here
   80 |   friend Logger [01;36m[Krclcpp[m[K::get_logger(const std::string & name);
      |                 [01;36m[K^~~~~~[m[K
In file included from [01m[K/opt/ros/foxy/include/rclcpp/service.hpp:34[m[K,
                 from [01m[K/opt/ros/foxy/include/rclcpp/callback_group.hpp:25[m[K,
                 from [01m[K/opt/ros/foxy/include/rclcpp/node.hpp:39[m[K,
                 from [01m[K/opt/ros/foxy/include/image_transport/image_transport.hpp:43[m[K,
                 from [01m[K/home/azraa/ros2_ws/src/flir_lepton/flir_lepton_capture/src/flir_lepton_capture.cpp:27[m[K:
[01m[K/home/azraa/ros2_ws/src/flir_lepton/flir_lepton_capture/src/flir_lepton_capture.cpp:164:5:[m[K [01;31m[Kerror: [m[Ktemplate argument 1 is invalid
  164 |     [01;31m[KRCLCPP_FATAL_STREAM[m[K(get_logger(), error->message);
      |     [01;31m[K^~~~~~~~~~~~~~~~~~~[m[K
[01m[K/home/azraa/ros2_ws/src/flir_lepton/flir_lepton_capture/src/flir_lepton_capture.cpp:164:5:[m[K [01;31m[Kerror: [m[Ktemplate argument 1 is invalid
  164 |     [01;31m[KRCLCPP_FATAL_STREAM[m[K(get_logger(), error->message);
      |     [01;31m[K^~~~~~~~~~~~~~~~~~~[m[K
[01m[K/home/azraa/ros2_ws/src/flir_lepton/flir_lepton_capture/src/flir_lepton_capture.cpp:164:5:[m[K [01;31m[Kerror: [m[Ktemplate argument 1 is invalid
  164 |     [01;31m[KRCLCPP_FATAL_STREAM[m[K(get_logger(), error->message);
      |     [01;31m[K^~~~~~~~~~~~~~~~~~~[m[K
[01m[K/home/azraa/ros2_ws/src/flir_lepton/flir_lepton_capture/src/flir_lepton_capture.cpp:169:3:[m[K [01;31m[Kerror: [m[Kâ€˜[01m[Ksink_[m[Kâ€™ was not declared in this scope
  169 |   [01;31m[Ksink_[m[K = gst_element_factory_make("appsink", NULL);
      |   [01;31m[K^~~~~[m[K
[01m[K/home/azraa/ros2_ws/src/flir_lepton/flir_lepton_capture/src/flir_lepton_capture.cpp:173:7:[m[K [01;31m[Kerror: [m[Kâ€˜[01m[Kimage_encoding_[m[Kâ€™ was not declared in this scope
  173 |   if ([01;31m[Kimage_encoding_[m[K == sensor_msgs::image_encodings::RGB8) {
      |       [01;31m[K^~~~~~~~~~~~~~~[m[K
[01m[K/home/azraa/ros2_ws/src/flir_lepton/flir_lepton_capture/src/flir_lepton_capture.cpp:200:6:[m[K [01;31m[Kerror: [m[Kâ€˜[01m[Ksync_sink_[m[Kâ€™ was not declared in this scope
  200 |     ([01;31m[Ksync_sink_[m[K) ? TRUE : FALSE);
      |      [01;31m[K^~~~~~~~~~[m[K
In file included from [01m[K/opt/ros/foxy/include/rclcpp/service.hpp:34[m[K,
                 from [01m[K/opt/ros/foxy/include/rclcpp/callback_group.hpp:25[m[K,
                 from [01m[K/opt/ros/foxy/include/rclcpp/node.hpp:39[m[K,
                 from [01m[K/opt/ros/foxy/include/image_transport/image_transport.hpp:43[m[K,
                 from [01m[K/home/azraa/ros2_ws/src/flir_lepton/flir_lepton_capture/src/flir_lepton_capture.cpp:27[m[K:
[01m[K/home/azraa/ros2_ws/src/flir_lepton/flir_lepton_capture/src/flir_lepton_capture.cpp:211:20:[m[K [01;31m[Kerror: [m[Kâ€˜[01m[Kget_logger[m[Kâ€™ was not declared in this scope; did you mean â€˜[01m[Krclcpp::get_logger[m[Kâ€™?
  211 |       RCLCPP_FATAL([01;31m[Kget_logger[m[K(), "gst_bin_add() failed");
      |                    [01;31m[K^~~~~~~~~~[m[K
In file included from [01m[K/opt/ros/foxy/include/rclcpp/logging.hpp:23[m[K,
                 from [01m[K/opt/ros/foxy/include/rclcpp/service.hpp:34[m[K,
                 from [01m[K/opt/ros/foxy/include/rclcpp/callback_group.hpp:25[m[K,
                 from [01m[K/opt/ros/foxy/include/rclcpp/node.hpp:39[m[K,
                 from [01m[K/opt/ros/foxy/include/image_transport/image_transport.hpp:43[m[K,
                 from [01m[K/home/azraa/ros2_ws/src/flir_lepton/flir_lepton_capture/src/flir_lepton_capture.cpp:27[m[K:
[01m[K/opt/ros/foxy/include/rclcpp/logger.hpp:80:17:[m[K [01;36m[Knote: [m[Kâ€˜[01m[Krclcpp::get_logger[m[Kâ€™ declared here
   80 |   friend Logger [01;36m[Krclcpp[m[K::get_logger(const std::string & name);
      |                 [01;36m[K^~~~~~[m[K
In file included from [01m[K/opt/ros/foxy/include/rclcpp/service.hpp:34[m[K,
                 from [01m[K/opt/ros/foxy/include/rclcpp/callback_group.hpp:25[m[K,
                 from [01m[K/opt/ros/foxy/include/rclcpp/node.hpp:39[m[K,
                 from [01m[K/opt/ros/foxy/include/image_transport/image_transport.hpp:43[m[K,
                 from [01m[K/home/azraa/ros2_ws/src/flir_lepton/flir_lepton_capture/src/flir_lepton_capture.cpp:27[m[K:
[01m[K/home/azraa/ros2_ws/src/flir_lepton/flir_lepton_capture/src/flir_lepton_capture.cpp:211:7:[m[K [01;31m[Kerror: [m[Ktemplate argument 1 is invalid
  211 |       [01;31m[KRCLCPP_FATAL[m[K(get_logger(), "gst_bin_add() failed");
      |       [01;31m[K^~~~~~~~~~~~[m[K
[01m[K/home/azraa/ros2_ws/src/flir_lepton/flir_lepton_capture/src/flir_lepton_capture.cpp:211:7:[m[K [01;31m[Kerror: [m[Ktemplate argument 1 is invalid
  211 |       [01;31m[KRCLCPP_FATAL[m[K(get_logger(), "gst_bin_add() failed");
      |       [01;31m[K^~~~~~~~~~~~[m[K
[01m[K/home/azraa/ros2_ws/src/flir_lepton/flir_lepton_capture/src/flir_lepton_capture.cpp:211:7:[m[K [01;31m[Kerror: [m[Ktemplate argument 1 is invalid
  211 |       [01;31m[KRCLCPP_FATAL[m[K(get_logger(), "gst_bin_add() failed");
      |       [01;31m[K^~~~~~~~~~~~[m[K
[01m[K/home/azraa/ros2_ws/src/flir_lepton/flir_lepton_capture/src/flir_lepton_capture.cpp:219:9:[m[K [01;31m[Kerror: [m[Kâ€˜[01m[Kget_logger[m[Kâ€™ was not declared in this scope; did you mean â€˜[01m[Krclcpp::get_logger[m[Kâ€™?
  219 |         [01;31m[Kget_logger[m[K(), "GStreamer: cannot link outelement(\"%s\") -> sink\n",
      |         [01;31m[K^~~~~~~~~~[m[K
In file included from [01m[K/opt/ros/foxy/include/rclcpp/logging.hpp:23[m[K,
                 from [01m[K/opt/ros/foxy/include/rclcpp/service.hpp:34[m[K,
                 from [01m[K/opt/ros/foxy/include/rclcpp/callback_group.hpp:25[m[K,
                 from [01m[K/opt/ros/foxy/include/rclcpp/node.hpp:39[m[K,
                 from [01m[K/opt/ros/foxy/include/image_transport/image_transport.hpp:43[m[K,
                 from [01m[K/home/azraa/ros2_ws/src/flir_lepton/flir_lepton_capture/src/flir_lepton_capture.cpp:27[m[K:
[01m[K/opt/ros/foxy/include/rclcpp/logger.hpp:80:17:[m[K [01;36m[Knote: [m[Kâ€˜[01m[Krclcpp::get_logger[m[Kâ€™ declared here
   80 |   friend Logger [01;36m[Krclcpp[m[K::get_logger(const std::string & name);
      |                 [01;36m[K^~~~~~[m[K
In file included from [01m[K/opt/ros/foxy/include/rclcpp/service.hpp:34[m[K,
                 from [01m[K/opt/ros/foxy/include/rclcpp/callback_group.hpp:25[m[K,
                 from [01m[K/opt/ros/foxy/include/rclcpp/node.hpp:39[m[K,
                 from [01m[K/opt/ros/foxy/include/image_transport/image_transport.hpp:43[m[K,
                 from [01m[K/home/azraa/ros2_ws/src/flir_lepton/flir_lepton_capture/src/flir_lepton_capture.cpp:27[m[K:
[01m[K/home/azraa/ros2_ws/src/flir_lepton/flir_lepton_capture/src/flir_lepton_capture.cpp:218:7:[m[K [01;31m[Kerror: [m[Ktemplate argument 1 is invalid
  218 |       [01;31m[KRCLCPP_FATAL[m[K(
      |       [01;31m[K^~~~~~~~~~~~[m[K
[01m[K/home/azraa/ros2_ws/src/flir_lepton/flir_lepton_capture/src/flir_lepton_capture.cpp:218:7:[m[K [01;31m[Kerror: [m[Ktemplate argument 1 is invalid
  218 |       [01;31m[KRCLCPP_FATAL[m[K(
      |       [01;31m[K^~~~~~~~~~~~[m[K
[01m[K/home/azraa/ros2_ws/src/flir_lepton/flir_lepton_capture/src/flir_lepton_capture.cpp:218:7:[m[K [01;31m[Kerror: [m[Ktemplate argument 1 is invalid
  218 |       [01;31m[KRCLCPP_FATAL[m[K(
      |       [01;31m[K^~~~~~~~~~~~[m[K
[01m[K/home/azraa/ros2_ws/src/flir_lepton/flir_lepton_capture/src/flir_lepton_capture.cpp:237:20:[m[K [01;31m[Kerror: [m[Kâ€˜[01m[Kget_logger[m[Kâ€™ was not declared in this scope; did you mean â€˜[01m[Krclcpp::get_logger[m[Kâ€™?
  237 |       RCLCPP_FATAL([01;31m[Kget_logger[m[K(), "GStreamer: cannot link launchpipe -> sink");
      |                    [01;31m[K^~~~~~~~~~[m[K
In file included from [01m[K/opt/ros/foxy/include/rclcpp/logging.hpp:23[m[K,
                 from [01m[K/opt/ros/foxy/include/rclcpp/service.hpp:34[m[K,
                 from [01m[K/opt/ros/foxy/include/rclcpp/callback_group.hpp:25[m[K,
                 from [01m[K/opt/ros/foxy/include/rclcpp/node.hpp:39[m[K,
                 from [01m[K/opt/ros/foxy/include/image_transport/image_transport.hpp:43[m[K,
                 from [01m[K/home/azraa/ros2_ws/src/flir_lepton/flir_lepton_capture/src/flir_lepton_capture.cpp:27[m[K:
[01m[K/opt/ros/foxy/include/rclcpp/logger.hpp:80:17:[m[K [01;36m[Knote: [m[Kâ€˜[01m[Krclcpp::get_logger[m[Kâ€™ declared here
   80 |   friend Logger [01;36m[Krclcpp[m[K::get_logger(const std::string & name);
      |                 [01;36m[K^~~~~~[m[K
In file included from [01m[K/opt/ros/foxy/include/rclcpp/service.hpp:34[m[K,
                 from [01m[K/opt/ros/foxy/include/rclcpp/callback_group.hpp:25[m[K,
                 from [01m[K/opt/ros/foxy/include/rclcpp/node.hpp:39[m[K,
                 from [01m[K/opt/ros/foxy/include/image_transport/image_transport.hpp:43[m[K,
                 from [01m[K/home/azraa/ros2_ws/src/flir_lepton/flir_lepton_capture/src/flir_lepton_capture.cpp:27[m[K:
[01m[K/home/azraa/ros2_ws/src/flir_lepton/flir_lepton_capture/src/flir_lepton_capture.cpp:237:7:[m[K [01;31m[Kerror: [m[Ktemplate argument 1 is invalid
  237 |       [01;31m[KRCLCPP_FATAL[m[K(get_logger(), "GStreamer: cannot link launchpipe -> sink");
      |       [01;31m[K^~~~~~~~~~~~[m[K
[01m[K/home/azraa/ros2_ws/src/flir_lepton/flir_lepton_capture/src/flir_lepton_capture.cpp:237:7:[m[K [01;31m[Kerror: [m[Ktemplate argument 1 is invalid
  237 |       [01;31m[KRCLCPP_FATAL[m[K(get_logger(), "GStreamer: cannot link launchpipe -> sink");
      |       [01;31m[K^~~~~~~~~~~~[m[K
[01m[K/home/azraa/ros2_ws/src/flir_lepton/flir_lepton_capture/src/flir_lepton_capture.cpp:237:7:[m[K [01;31m[Kerror: [m[Ktemplate argument 1 is invalid
  237 |       [01;31m[KRCLCPP_FATAL[m[K(get_logger(), "GStreamer: cannot link launchpipe -> sink");
      |       [01;31m[K^~~~~~~~~~~~[m[K
[01m[K/home/azraa/ros2_ws/src/flir_lepton/flir_lepton_capture/src/flir_lepton_capture.cpp:247:3:[m[K [01;31m[Kerror: [m[Kâ€˜[01m[Ktime_offset_[m[Kâ€™ was not declared in this scope
  247 |   [01;31m[Ktime_offset_[m[K = now().nanoseconds() - GST_TIME_AS_NSECONDS(ct);
      |   [01;31m[K^~~~~~~~~~~~[m[K
[01m[K/home/azraa/ros2_ws/src/flir_lepton/flir_lepton_capture/src/flir_lepton_capture.cpp:247:18:[m[K [01;31m[Kerror: [m[Kâ€˜[01m[Know[m[Kâ€™ was not declared in this scope; did you mean â€˜[01m[Kpow[m[Kâ€™?
  247 |   time_offset_ = [01;31m[Know[m[K().nanoseconds() - GST_TIME_AS_NSECONDS(ct);
      |                  [01;31m[K^~~[m[K
      |                  [32m[Kpow[m[K
In file included from [01m[K/opt/ros/foxy/include/rclcpp/service.hpp:34[m[K,
                 from [01m[K/opt/ros/foxy/include/rclcpp/callback_group.hpp:25[m[K,
                 from [01m[K/opt/ros/foxy/include/rclcpp/node.hpp:39[m[K,
                 from [01m[K/opt/ros/foxy/include/image_transport/image_transport.hpp:43[m[K,
                 from [01m[K/home/azraa/ros2_ws/src/flir_lepton/flir_lepton_capture/src/flir_lepton_capture.cpp:27[m[K:
[01m[K/home/azraa/ros2_ws/src/flir_lepton/flir_lepton_capture/src/flir_lepton_capture.cpp:248:15:[m[K [01;31m[Kerror: [m[Kâ€˜[01m[Kget_logger[m[Kâ€™ was not declared in this scope; did you mean â€˜[01m[Krclcpp::get_logger[m[Kâ€™?
  248 |   RCLCPP_INFO([01;31m[Kget_logger[m[K(), "Time offset: %.6f", rclcpp::Time(time_offset_).seconds());
      |               [01;31m[K^~~~~~~~~~[m[K
In file included from [01m[K/opt/ros/foxy/include/rclcpp/logging.hpp:23[m[K,
                 from [01m[K/opt/ros/foxy/include/rclcpp/service.hpp:34[m[K,
                 from [01m[K/opt/ros/foxy/include/rclcpp/callback_group.hpp:25[m[K,
                 from [01m[K/opt/ros/foxy/include/rclcpp/node.hpp:39[m[K,
                 from [01m[K/opt/ros/foxy/include/image_transport/image_transport.hpp:43[m[K,
                 from [01m[K/home/azraa/ros2_ws/src/flir_lepton/flir_lepton_capture/src/flir_lepton_capture.cpp:27[m[K:
[01m[K/opt/ros/foxy/include/rclcpp/logger.hpp:80:17:[m[K [01;36m[Knote: [m[Kâ€˜[01m[Krclcpp::get_logger[m[Kâ€™ declared here
   80 |   friend Logger [01;36m[Krclcpp[m[K::get_logger(const std::string & name);
      |                 [01;36m[K^~~~~~[m[K
In file included from [01m[K/opt/ros/foxy/include/rclcpp/service.hpp:34[m[K,
                 from [01m[K/opt/ros/foxy/include/rclcpp/callback_group.hpp:25[m[K,
                 from [01m[K/opt/ros/foxy/include/rclcpp/node.hpp:39[m[K,
                 from [01m[K/opt/ros/foxy/include/image_transport/image_transport.hpp:43[m[K,
                 from [01m[K/home/azraa/ros2_ws/src/flir_lepton/flir_lepton_capture/src/flir_lepton_capture.cpp:27[m[K:
[01m[K/home/azraa/ros2_ws/src/flir_lepton/flir_lepton_capture/src/flir_lepton_capture.cpp:248:3:[m[K [01;31m[Kerror: [m[Ktemplate argument 1 is invalid
  248 |   [01;31m[KRCLCPP_INFO[m[K(get_logger(), "Time offset: %.6f", rclcpp::Time(time_offset_).seconds());
      |   [01;31m[K^~~~~~~~~~~[m[K
[01m[K/home/azraa/ros2_ws/src/flir_lepton/flir_lepton_capture/src/flir_lepton_capture.cpp:248:3:[m[K [01;31m[Kerror: [m[Ktemplate argument 1 is invalid
  248 |   [01;31m[KRCLCPP_INFO[m[K(get_logger(), "Time offset: %.6f", rclcpp::Time(time_offset_).seconds());
      |   [01;31m[K^~~~~~~~~~~[m[K
[01m[K/home/azraa/ros2_ws/src/flir_lepton/flir_lepton_capture/src/flir_lepton_capture.cpp:248:3:[m[K [01;31m[Kerror: [m[Ktemplate argument 1 is invalid
  248 |   [01;31m[KRCLCPP_INFO[m[K(get_logger(), "Time offset: %.6f", rclcpp::Time(time_offset_).seconds());
      |   [01;31m[K^~~~~~~~~~~[m[K
[01m[K/home/azraa/ros2_ws/src/flir_lepton/flir_lepton_capture/src/flir_lepton_capture.cpp:253:18:[m[K [01;31m[Kerror: [m[Kâ€˜[01m[Kget_logger[m[Kâ€™ was not declared in this scope; did you mean â€˜[01m[Krclcpp::get_logger[m[Kâ€™?
  253 |     RCLCPP_FATAL([01;31m[Kget_logger[m[K(), "Failed to PAUSE stream, check your gstreamer configuration.");
      |                  [01;31m[K^~~~~~~~~~[m[K
In file included from [01m[K/opt/ros/foxy/include/rclcpp/logging.hpp:23[m[K,
                 from [01m[K/opt/ros/foxy/include/rclcpp/service.hpp:34[m[K,
                 from [01m[K/opt/ros/foxy/include/rclcpp/callback_group.hpp:25[m[K,
                 from [01m[K/opt/ros/foxy/include/rclcpp/node.hpp:39[m[K,
                 from [01m[K/opt/ros/foxy/include/image_transport/image_transport.hpp:43[m[K,
                 from [01m[K/home/azraa/ros2_ws/src/flir_lepton/flir_lepton_capture/src/flir_lepton_capture.cpp:27[m[K:
[01m[K/opt/ros/foxy/include/rclcpp/logger.hpp:80:17:[m[K [01;36m[Knote: [m[Kâ€˜[01m[Krclcpp::get_logger[m[Kâ€™ declared here
   80 |   friend Logger [01;36m[Krclcpp[m[K::get_logger(const std::string & name);
      |                 [01;36m[K^~~~~~[m[K
In file included from [01m[K/opt/ros/foxy/include/rclcpp/service.hpp:34[m[K,
                 from [01m[K/opt/ros/foxy/include/rclcpp/callback_group.hpp:25[m[K,
                 from [01m[K/opt/ros/foxy/include/rclcpp/node.hpp:39[m[K,
                 from [01m[K/opt/ros/foxy/include/image_transport/image_transport.hpp:43[m[K,
                 from [01m[K/home/azraa/ros2_ws/src/flir_lepton/flir_lepton_capture/src/flir_lepton_capture.cpp:27[m[K:
[01m[K/home/azraa/ros2_ws/src/flir_lepton/flir_lepton_capture/src/flir_lepton_capture.cpp:253:5:[m[K [01;31m[Kerror: [m[Ktemplate argument 1 is invalid
  253 |     [01;31m[KRCLCPP_FATAL[m[K(get_logger(), "Failed to PAUSE stream, check your gstreamer configuration.");
      |     [01;31m[K^~~~~~~~~~~~[m[K
[01m[K/home/azraa/ros2_ws/src/flir_lepton/flir_lepton_capture/src/flir_lepton_capture.cpp:253:5:[m[K [01;31m[Kerror: [m[Ktemplate argument 1 is invalid
  253 |     [01;31m[KRCLCPP_FATAL[m[K(get_logger(), "Failed to PAUSE stream, check your gstreamer configuration.");
      |     [01;31m[K^~~~~~~~~~~~[m[K
[01m[K/home/azraa/ros2_ws/src/flir_lepton/flir_lepton_capture/src/flir_lepton_capture.cpp:253:5:[m[K [01;31m[Kerror: [m[Ktemplate argument 1 is invalid
  253 |     [01;31m[KRCLCPP_FATAL[m[K(get_logger(), "Failed to PAUSE stream, check your gstreamer configuration.");
      |     [01;31m[K^~~~~~~~~~~~[m[K
[01m[K/home/azraa/ros2_ws/src/flir_lepton/flir_lepton_capture/src/flir_lepton_capture.cpp:256:25:[m[K [01;31m[Kerror: [m[Kâ€˜[01m[Kget_logger[m[Kâ€™ was not declared in this scope; did you mean â€˜[01m[Krclcpp::get_logger[m[Kâ€™?
  256 |     RCLCPP_DEBUG_STREAM([01;31m[Kget_logger[m[K(), "Stream is PAUSED.");
      |                         [01;31m[K^~~~~~~~~~[m[K
In file included from [01m[K/opt/ros/foxy/include/rclcpp/logging.hpp:23[m[K,
                 from [01m[K/opt/ros/foxy/include/rclcpp/service.hpp:34[m[K,
                 from [01m[K/opt/ros/foxy/include/rclcpp/callback_group.hpp:25[m[K,
                 from [01m[K/opt/ros/foxy/include/rclcpp/node.hpp:39[m[K,
                 from [01m[K/opt/ros/foxy/include/image_transport/image_transport.hpp:43[m[K,
                 from [01m[K/home/azraa/ros2_ws/src/flir_lepton/flir_lepton_capture/src/flir_lepton_capture.cpp:27[m[K:
[01m[K/opt/ros/foxy/include/rclcpp/logger.hpp:80:17:[m[K [01;36m[Knote: [m[Kâ€˜[01m[Krclcpp::get_logger[m[Kâ€™ declared here
   80 |   friend Logger [01;36m[Krclcpp[m[K::get_logger(const std::string & name);
      |                 [01;36m[K^~~~~~[m[K
In file included from [01m[K/opt/ros/foxy/include/rclcpp/service.hpp:34[m[K,
                 from [01m[K/opt/ros/foxy/include/rclcpp/callback_group.hpp:25[m[K,
                 from [01m[K/opt/ros/foxy/include/rclcpp/node.hpp:39[m[K,
                 from [01m[K/opt/ros/foxy/include/image_transport/image_transport.hpp:43[m[K,
                 from [01m[K/home/azraa/ros2_ws/src/flir_lepton/flir_lepton_capture/src/flir_lepton_capture.cpp:27[m[K:
[01m[K/home/azraa/ros2_ws/src/flir_lepton/flir_lepton_capture/src/flir_lepton_capture.cpp:256:5:[m[K [01;31m[Kerror: [m[Ktemplate argument 1 is invalid
  256 |     [01;31m[KRCLCPP_DEBUG_STREAM[m[K(get_logger(), "Stream is PAUSED.");
      |     [01;31m[K^~~~~~~~~~~~~~~~~~~[m[K
[01m[K/home/azraa/ros2_ws/src/flir_lepton/flir_lepton_capture/src/flir_lepton_capture.cpp:256:5:[m[K [01;31m[Kerror: [m[Ktemplate argument 1 is invalid
  256 |     [01;31m[KRCLCPP_DEBUG_STREAM[m[K(get_logger(), "Stream is PAUSED.");
      |     [01;31m[K^~~~~~~~~~~~~~~~~~~[m[K
[01m[K/home/azraa/ros2_ws/src/flir_lepton/flir_lepton_capture/src/flir_lepton_capture.cpp:256:5:[m[K [01;31m[Kerror: [m[Ktemplate argument 1 is invalid
  256 |     [01;31m[KRCLCPP_DEBUG_STREAM[m[K(get_logger(), "Stream is PAUSED.");
      |     [01;31m[K^~~~~~~~~~~~~~~~~~~[m[K
[01m[K/home/azraa/ros2_ws/src/flir_lepton/flir_lepton_capture/src/flir_lepton_capture.cpp:261:20:[m[K [01;31m[Kerror: [m[Kâ€˜[01m[Kuse_sensor_data_qos_[m[Kâ€™ was not declared in this scope
  261 |   const auto qos = [01;31m[Kuse_sensor_data_qos_[m[K ? rclcpp::SensorDataQoS() : rclcpp::QoS{1};
      |                    [01;31m[K^~~~~~~~~~~~~~~~~~~~[m[K
[01m[K/home/azraa/ros2_ws/src/flir_lepton/flir_lepton_capture/src/flir_lepton_capture.cpp:264:3:[m[K [01;31m[Kerror: [m[Kâ€˜[01m[Kraw_data_pub_[m[Kâ€™ was not declared in this scope
  264 |   [01;31m[Kraw_data_pub_[m[K = create_publisher<flir_lepton_msgs::msg::RawData>('lepton_raw',qos);
      |   [01;31m[K^~~~~~~~~~~~~[m[K
[01m[K/home/azraa/ros2_ws/src/flir_lepton/flir_lepton_capture/src/flir_lepton_capture.cpp:264:19:[m[K [01;31m[Kerror: [m[Kâ€˜[01m[Kcreate_publisher[m[Kâ€™ was not declared in this scope
  264 |   raw_data_pub_ = [01;31m[Kcreate_publisher[m[K<flir_lepton_msgs::msg::RawData>('lepton_raw',qos);
      |                   [01;31m[K^~~~~~~~~~~~~~~~[m[K
[01m[K/home/azraa/ros2_ws/src/flir_lepton/flir_lepton_capture/src/flir_lepton_capture.cpp:264:19:[m[K [01;36m[Knote: [m[Ksuggested alternatives:
In file included from [01m[K/opt/ros/foxy/include/rclcpp/node_impl.hpp:39[m[K,
                 from [01m[K/opt/ros/foxy/include/rclcpp/node.hpp:1224[m[K,
                 from [01m[K/opt/ros/foxy/include/image_transport/image_transport.hpp:43[m[K,
                 from [01m[K/home/azraa/ros2_ws/src/flir_lepton/flir_lepton_capture/src/flir_lepton_capture.cpp:27[m[K:
[01m[K/opt/ros/foxy/include/rclcpp/create_publisher.hpp:43:1:[m[K [01;36m[Knote: [m[K  â€˜[01m[Krclcpp::create_publisher[m[Kâ€™
   43 | [01;36m[Kcreate_publisher[m[K(
      | [01;36m[K^~~~~~~~~~~~~~~~[m[K
In file included from [01m[K/home/azraa/ros2_ws/src/flir_lepton/flir_lepton_capture/src/flir_lepton_capture.cpp:27[m[K:
[01m[K/opt/ros/foxy/include/image_transport/image_transport.hpp:59:11:[m[K [01;36m[Knote: [m[K  â€˜[01m[Kimage_transport::create_publisher[m[Kâ€™
   59 | Publisher [01;36m[Kcreate_publisher[m[K(
      |           [01;36m[K^~~~~~~~~~~~~~~~[m[K
[01m[K/home/azraa/ros2_ws/src/flir_lepton/flir_lepton_capture/src/flir_lepton_capture.cpp:264:66:[m[K [01;31m[Kerror: [m[Kexpected primary-expression before â€˜[01m[K>[m[Kâ€™ token
  264 | _pub_ = create_publisher<flir_lepton_msgs::msg::RawData[01;31m[K>[m[K('lepton_raw',qos);
      |                                                        [01;31m[K^[m[K

[01m[K/home/azraa/ros2_ws/src/flir_lepton/flir_lepton_capture/src/flir_lepton_capture.cpp:267:3:[m[K [01;31m[Kerror: [m[Kâ€˜[01m[Kgray_image_pub_[m[Kâ€™ was not declared in this scope
  267 |   [01;31m[Kgray_image_pub_[m[K = image_transport::create_camera_publisher(
      |   [01;31m[K^~~~~~~~~~~~~~~[m[K
[01m[K/home/azraa/ros2_ws/src/flir_lepton/flir_lepton_capture/src/flir_lepton_capture.cpp:268:7:[m[K [01;31m[Kerror: [m[Kinvalid use of â€˜[01m[Kthis[m[Kâ€™ in non-member function
  268 |       [01;31m[Kthis[m[K, "camera/image_raw", qos.get_rmw_qos_profile());
      |       [01;31m[K^~~~[m[K
[01m[K/home/azraa/ros2_ws/src/flir_lepton/flir_lepton_capture/src/flir_lepton_capture.cpp:[m[K In member function â€˜[01m[Kvoid flir_lepton::FlirLeptonNode::publish_stream()[m[Kâ€™:
[01m[K/home/azraa/ros2_ws/src/flir_lepton/flir_lepton_capture/src/flir_lepton_capture.cpp:373:7:[m[K [01;31m[Kerror: [m[Kâ€˜[01m[Ktimestamp[m[Kâ€™ was not declared in this scope; did you mean â€˜[01m[Ktimestamp_[m[Kâ€™?
  373 |       [01;31m[Ktimestamp[m[K = now();
      |       [01;31m[K^~~~~~~~~[m[K
      |       [32m[Ktimestamp_[m[K
[01m[K/home/azraa/ros2_ws/src/flir_lepton/flir_lepton_capture/src/flir_lepton_capture.cpp:401:32:[m[K [01;31m[Kerror: [m[Kâ€˜[01m[Ktimestamp[m[Kâ€™ was not declared in this scope; did you mean â€˜[01m[Ktimestamp_[m[Kâ€™?
  401 |       raw_data->header.stamp = [01;31m[Ktimestamp[m[K;
      |                                [01;31m[K^~~~~~~~~[m[K
      |                                [32m[Ktimestamp_[m[K
[01m[K/home/azraa/ros2_ws/src/flir_lepton/flir_lepton_capture/src/flir_lepton_capture.cpp:407:35:[m[K [01;31m[Kerror: [m[Kâ€˜[01m[Kusing _layout_type = struct example_interfaces::msg::MultiArrayLayout_<std::allocator<void> >[m[Kâ€™ {aka â€˜[01m[Kstruct example_interfaces::msg::MultiArrayLayout_<std::allocator<void> >[m[Kâ€™} has no member named â€˜[01m[Kpush_back[m[Kâ€™
  407 |       raw_data->raw_values.layout.[01;31m[Kpush_back[m[K(std_msgs::MultiArrayDimension());
      |                                   [01;31m[K^~~~~~~~~[m[K
[01m[K/home/azraa/ros2_ws/src/flir_lepton/flir_lepton_capture/src/flir_lepton_capture.cpp:407:55:[m[K [01;31m[Kerror: [m[Kâ€˜[01m[KMultiArrayDimension[m[Kâ€™ is not a member of â€˜[01m[Kstd_msgs[m[Kâ€™; did you mean â€˜[01m[Kexample_interfaces::msg::MultiArrayDimension[m[Kâ€™?
  407 |       raw_data->raw_values.layout.push_back(std_msgs::[01;31m[KMultiArrayDimension[m[K());
      |                                                       [01;31m[K^~~~~~~~~~~~~~~~~~~[m[K
In file included from [01m[K/opt/ros/foxy/include/example_interfaces/msg/multi_array_dimension.hpp:7[m[K,
                 from [01m[K/home/azraa/ros2_ws/src/flir_lepton/flir_lepton_capture/src/flir_lepton_capture.cpp:33[m[K:
[01m[K/opt/ros/foxy/include/example_interfaces/msg/detail/multi_array_dimension__struct.hpp:149:7:[m[K [01;36m[Knote: [m[Kâ€˜[01m[Kexample_interfaces::msg::MultiArrayDimension[m[Kâ€™ declared here
  149 | using [01;36m[KMultiArrayDimension[m[K =
      |       [01;36m[K^~~~~~~~~~~~~~~~~~~[m[K
[01m[K/home/azraa/ros2_ws/src/flir_lepton/flir_lepton_capture/src/flir_lepton_capture.cpp:412:35:[m[K [01;31m[Kerror: [m[Kâ€˜[01m[Kusing _layout_type = struct example_interfaces::msg::MultiArrayLayout_<std::allocator<void> >[m[Kâ€™ {aka â€˜[01m[Kstruct example_interfaces::msg::MultiArrayLayout_<std::allocator<void> >[m[Kâ€™} has no member named â€˜[01m[Kpush_back[m[Kâ€™
  412 |       raw_data->raw_values.layout.[01;31m[Kpush_back[m[K(std_msgs::MultiArrayDimension());
      |                                   [01;31m[K^~~~~~~~~[m[K
[01m[K/home/azraa/ros2_ws/src/flir_lepton/flir_lepton_capture/src/flir_lepton_capture.cpp:412:55:[m[K [01;31m[Kerror: [m[Kâ€˜[01m[KMultiArrayDimension[m[Kâ€™ is not a member of â€˜[01m[Kstd_msgs[m[Kâ€™; did you mean â€˜[01m[Kexample_interfaces::msg::MultiArrayDimension[m[Kâ€™?
  412 |       raw_data->raw_values.layout.push_back(std_msgs::[01;31m[KMultiArrayDimension[m[K());
      |                                                       [01;31m[K^~~~~~~~~~~~~~~~~~~[m[K
In file included from [01m[K/opt/ros/foxy/include/example_interfaces/msg/multi_array_dimension.hpp:7[m[K,
                 from [01m[K/home/azraa/ros2_ws/src/flir_lepton/flir_lepton_capture/src/flir_lepton_capture.cpp:33[m[K:
[01m[K/opt/ros/foxy/include/example_interfaces/msg/detail/multi_array_dimension__struct.hpp:149:7:[m[K [01;36m[Knote: [m[Kâ€˜[01m[Kexample_interfaces::msg::MultiArrayDimension[m[Kâ€™ declared here
  149 | using [01;36m[KMultiArrayDimension[m[K =
      |       [01;36m[K^~~~~~~~~~~~~~~~~~~[m[K
[01m[K/home/azraa/ros2_ws/src/flir_lepton/flir_lepton_capture/src/flir_lepton_capture.cpp:432:35:[m[K [01;31m[Kerror: [m[Kno match for â€˜[01m[Koperator=[m[Kâ€™ (operand types are â€˜[01m[Kcv::Mat[m[Kâ€™ and â€˜[01m[Kexample_interfaces::msg::Int16MultiArray_<std::allocator<void> >::_data_type[m[Kâ€™ {aka â€˜[01m[Kstd::vector<short int, std::allocator<short int> >[m[Kâ€™})
  432 |       data = raw_data->raw_values.[01;31m[Kdata[m[K;
      |                                   [01;31m[K^~~~[m[K
In file included from [01m[K/usr/include/opencv4/opencv2/core/mat.hpp:3724[m[K,
                 from [01m[K/home/azraa/ros2_ws/src/flir_lepton/flir_lepton_capture/src/flir_lepton_capture.cpp:28[m[K:
[01m[K/usr/include/opencv4/opencv2/core/mat.inl.hpp:743:6:[m[K [01;36m[Knote: [m[Kcandidate: â€˜[01m[Kcv::Mat& cv::Mat::operator=(const cv::Mat&)[m[Kâ€™
  743 | Mat& [01;36m[KMat[m[K::operator = (const Mat& m)
      |      [01;36m[K^~~[m[K
[01m[K/usr/include/opencv4/opencv2/core/mat.inl.hpp:743:34:[m[K [01;36m[Knote: [m[K  no known conversion for argument 1 from â€˜[01m[Kexample_interfaces::msg::Int16MultiArray_<std::allocator<void> >::_data_type[m[Kâ€™ {aka â€˜[01m[Kstd::vector<short int, std::allocator<short int> >[m[Kâ€™} to â€˜[01m[Kconst cv::Mat&[m[Kâ€™
  743 | Mat& Mat::operator = ([01;36m[Kconst Mat& m[m[K)
      |                       [01;36m[K~~~~~~~~~~~^[m[K
In file included from [01m[K/usr/include/opencv4/opencv2/core/mat.hpp:3724[m[K,
                 from [01m[K/home/azraa/ros2_ws/src/flir_lepton/flir_lepton_capture/src/flir_lepton_capture.cpp:28[m[K:
[01m[K/usr/include/opencv4/opencv2/core/mat.inl.hpp:3356:6:[m[K [01;36m[Knote: [m[Kcandidate: â€˜[01m[Kcv::Mat& cv::Mat::operator=(const cv::MatExpr&)[m[Kâ€™
 3356 | Mat& [01;36m[KMat[m[K::operator = (const MatExpr& e)
      |      [01;36m[K^~~[m[K
[01m[K/usr/include/opencv4/opencv2/core/mat.inl.hpp:3356:38:[m[K [01;36m[Knote: [m[K  no known conversion for argument 1 from â€˜[01m[Kexample_interfaces::msg::Int16MultiArray_<std::allocator<void> >::_data_type[m[Kâ€™ {aka â€˜[01m[Kstd::vector<short int, std::allocator<short int> >[m[Kâ€™} to â€˜[01m[Kconst cv::MatExpr&[m[Kâ€™
 3356 | Mat& Mat::operator = ([01;36m[Kconst MatExpr& e[m[K)
      |                       [01;36m[K~~~~~~~~~~~~~~~^[m[K
In file included from [01m[K/home/azraa/ros2_ws/src/flir_lepton/flir_lepton_capture/src/flir_lepton_capture.cpp:28[m[K:
[01m[K/usr/include/opencv4/opencv2/core/mat.hpp:1241:10:[m[K [01;36m[Knote: [m[Kcandidate: â€˜[01m[Kcv::Mat& cv::Mat::operator=(const Scalar&)[m[Kâ€™
 1241 |     Mat& [01;36m[Koperator[m[K = (const Scalar& s);
      |          [01;36m[K^~~~~~~~[m[K
[01m[K/usr/include/opencv4/opencv2/core/mat.hpp:1241:36:[m[K [01;36m[Knote: [m[K  no known conversion for argument 1 from â€˜[01m[Kexample_interfaces::msg::Int16MultiArray_<std::allocator<void> >::_data_type[m[Kâ€™ {aka â€˜[01m[Kstd::vector<short int, std::allocator<short int> >[m[Kâ€™} to â€˜[01m[Kconst Scalar&[m[Kâ€™ {aka â€˜[01m[Kconst cv::Scalar_<double>&[m[Kâ€™}
 1241 |     Mat& operator = ([01;36m[Kconst Scalar& s[m[K);
      |                      [01;36m[K~~~~~~~~~~~~~~^[m[K
In file included from [01m[K/usr/include/opencv4/opencv2/core/mat.hpp:3724[m[K,
                 from [01m[K/home/azraa/ros2_ws/src/flir_lepton/flir_lepton_capture/src/flir_lepton_capture.cpp:28[m[K:
[01m[K/usr/include/opencv4/opencv2/core/mat.inl.hpp:1405:6:[m[K [01;36m[Knote: [m[Kcandidate: â€˜[01m[Kcv::Mat& cv::Mat::operator=(cv::Mat&&)[m[Kâ€™
 1405 | Mat& [01;36m[KMat[m[K::operator = (Mat&& m)
      |      [01;36m[K^~~[m[K
[01m[K/usr/include/opencv4/opencv2/core/mat.inl.hpp:1405:29:[m[K [01;36m[Knote: [m[K  no known conversion for argument 1 from â€˜[01m[Kexample_interfaces::msg::Int16MultiArray_<std::allocator<void> >::_data_type[m[Kâ€™ {aka â€˜[01m[Kstd::vector<short int, std::allocator<short int> >[m[Kâ€™} to â€˜[01m[Kcv::Mat&&[m[Kâ€™
 1405 | Mat& Mat::operator = ([01;36m[KMat&& m[m[K)
      |                       [01;36m[K~~~~~~^[m[K
[01m[K/home/azraa/ros2_ws/src/flir_lepton/flir_lepton_capture/src/flir_lepton_capture.cpp:435:32:[m[K [01;31m[Kerror: [m[Kno match for â€˜[01m[Koperator>>[m[Kâ€™ (operand types are â€˜[01m[Kcv::Mat[m[Kâ€™ and â€˜[01m[Kint[m[Kâ€™)
  435 |       cv::cvtColor(uint8_t([32m[Kdata[m[K[01;31m[K>>[m[K[34m[K8[m[K), greyscale, CV_GRAY2BGR);
      |                            [32m[K~~~~[m[K[01;31m[K^~[m[K[34m[K~[m[K
      |                            [32m[K|[m[K     [34m[K|[m[K
      |                            [32m[K|[m[K     [34m[Kint[m[K
      |                            [32m[Kcv::Mat[m[K
In file included from [01m[K/usr/include/opencv4/opencv2/core.hpp:60[m[K,
                 from [01m[K/usr/include/opencv4/opencv2/opencv.hpp:52[m[K,
                 from [01m[K/home/azraa/ros2_ws/src/flir_lepton/flir_lepton_capture/src/flir_lepton_capture.cpp:29[m[K:
[01m[K/usr/include/opencv4/opencv2/core/persistence.hpp:1242:19:[m[K [01;36m[Knote: [m[Kcandidate: â€˜[01m[Ktemplate<class _Tp> cv::FileNodeIterator& cv::operator>>(cv::FileNodeIterator&, _Tp&)[m[Kâ€™
 1242 | FileNodeIterator& [01;36m[Koperator[m[K >> (FileNodeIterator& it, _Tp& value)
      |                   [01;36m[K^~~~~~~~[m[K
[01m[K/usr/include/opencv4/opencv2/core/persistence.hpp:1242:19:[m[K [01;36m[Knote: [m[K  template argument deduction/substitution failed:
[01m[K/home/azraa/ros2_ws/src/flir_lepton/flir_lepton_capture/src/flir_lepton_capture.cpp:435:28:[m[K [01;36m[Knote: [m[K  cannot convert â€˜[01m[Kdata[m[Kâ€™ (type â€˜[01m[Kcv::Mat[m[Kâ€™) to type â€˜[01m[Kcv::FileNodeIterator&[m[Kâ€™
  435 |       cv::cvtColor(uint8_t([01;36m[Kdata[m[K>>8), greyscale, CV_GRAY2BGR);
      |                            [01;36m[K^~~~[m[K
In file included from [01m[K/usr/include/opencv4/opencv2/core.hpp:60[m[K,
                 from [01m[K/usr/include/opencv4/opencv2/opencv.hpp:52[m[K,
                 from [01m[K/home/azraa/ros2_ws/src/flir_lepton/flir_lepton_capture/src/flir_lepton_capture.cpp:29[m[K:
[01m[K/usr/include/opencv4/opencv2/core/persistence.hpp:1251:19:[m[K [01;36m[Knote: [m[Kcandidate: â€˜[01m[Ktemplate<class _Tp> cv::FileNodeIterator& cv::operator>>(cv::FileNodeIterator&, std::vector<BufferT>&)[m[Kâ€™
 1251 | FileNodeIterator& [01;36m[Koperator[m[K >> (FileNodeIterator& it, std::vector<_Tp>& vec)
      |                   [01;36m[K^~~~~~~~[m[K
[01m[K/usr/include/opencv4/opencv2/core/persistence.hpp:1251:19:[m[K [01;36m[Knote: [m[K  template argument deduction/substitution failed:
[01m[K/home/azraa/ros2_ws/src/flir_lepton/flir_lepton_capture/src/flir_lepton_capture.cpp:435:34:[m[K [01;36m[Knote: [m[K  mismatched types â€˜[01m[Kstd::vector<BufferT>[m[Kâ€™ and â€˜[01m[Kint[m[Kâ€™
  435 |       cv::cvtColor(uint8_t(data>>[01;36m[K8[m[K), greyscale, CV_GRAY2BGR);
      |                                  [01;36m[K^[m[K
In file included from [01m[K/usr/include/opencv4/opencv2/core.hpp:60[m[K,
                 from [01m[K/usr/include/opencv4/opencv2/opencv.hpp:52[m[K,
                 from [01m[K/home/azraa/ros2_ws/src/flir_lepton/flir_lepton_capture/src/flir_lepton_capture.cpp:29[m[K:
[01m[K/usr/include/opencv4/opencv2/core/persistence.hpp:1266:6:[m[K [01;36m[Knote: [m[Kcandidate: â€˜[01m[Ktemplate<class _Tp> void cv::operator>>(const cv::FileNode&, _Tp&)[m[Kâ€™
 1266 | void [01;36m[Koperator[m[K >> (const FileNode& n, _Tp& value)
      |      [01;36m[K^~~~~~~~[m[K
[01m[K/usr/include/opencv4/opencv2/core/persistence.hpp:1266:6:[m[K [01;36m[Knote: [m[K  template argument deduction/substitution failed:
[01m[K/home/azraa/ros2_ws/src/flir_lepton/flir_lepton_capture/src/flir_lepton_capture.cpp:435:28:[m[K [01;36m[Knote: [m[K  cannot convert â€˜[01m[Kdata[m[Kâ€™ (type â€˜[01m[Kcv::Mat[m[Kâ€™) to type â€˜[01m[Kconst cv::FileNode&[m[Kâ€™
  435 |       cv::cvtColor(uint8_t([01;36m[Kdata[m[K>>8), greyscale, CV_GRAY2BGR);
      |                            [01;36m[K^~~~[m[K
In file included from [01m[K/usr/include/opencv4/opencv2/core.hpp:60[m[K,
                 from [01m[K/usr/include/opencv4/opencv2/opencv.hpp:52[m[K,
                 from [01m[K/home/azraa/ros2_ws/src/flir_lepton/flir_lepton_capture/src/flir_lepton_capture.cpp:29[m[K:
[01m[K/usr/include/opencv4/opencv2/core/persistence.hpp:1274:6:[m[K [01;36m[Knote: [m[Kcandidate: â€˜[01m[Ktemplate<class _Tp> void cv::operator>>(const cv::FileNode&, std::vector<BufferT>&)[m[Kâ€™
 1274 | void [01;36m[Koperator[m[K >> (const FileNode& n, std::vector<_Tp>& vec)
      |      [01;36m[K^~~~~~~~[m[K
[01m[K/usr/include/opencv4/opencv2/core/persistence.hpp:1274:6:[m[K [01;36m[Knote: [m[K  template argument deduction/substitution failed:
[01m[K/home/azraa/ros2_ws/src/flir_lepton/flir_lepton_capture/src/flir_lepton_capture.cpp:435:34:[m[K [01;36m[Knote: [m[K  mismatched types â€˜[01m[Kstd::vector<BufferT>[m[Kâ€™ and â€˜[01m[Kint[m[Kâ€™
  435 |       cv::cvtColor(uint8_t(data>>[01;36m[K8[m[K), greyscale, CV_GRAY2BGR);
      |                                  [01;36m[K^[m[K
In file included from [01m[K/usr/include/opencv4/opencv2/core.hpp:60[m[K,
                 from [01m[K/usr/include/opencv4/opencv2/opencv.hpp:52[m[K,
                 from [01m[K/home/azraa/ros2_ws/src/flir_lepton/flir_lepton_capture/src/flir_lepton_capture.cpp:29[m[K:
[01m[K/usr/include/opencv4/opencv2/core/persistence.hpp:1284:6:[m[K [01;36m[Knote: [m[Kcandidate: â€˜[01m[Kvoid cv::operator>>(const cv::FileNode&, cv::KeyPoint&)[m[Kâ€™
 1284 | void [01;36m[Koperator[m[K >> (const FileNode& n, KeyPoint& kpt)
      |      [01;36m[K^~~~~~~~[m[K
[01m[K/usr/include/opencv4/opencv2/core/persistence.hpp:1284:35:[m[K [01;36m[Knote: [m[K  no known conversion for argument 1 from â€˜[01m[Kcv::Mat[m[Kâ€™ to â€˜[01m[Kconst cv::FileNode&[m[Kâ€™
 1284 | void operator >> ([01;36m[Kconst FileNode& n[m[K, KeyPoint& kpt)
      |                   [01;36m[K~~~~~~~~~~~~~~~~^[m[K
[01m[K/usr/include/opencv4/opencv2/core/persistence.hpp:1292:6:[m[K [01;36m[Knote: [m[Kcandidate: â€˜[01m[Kvoid cv::operator>>(const cv::FileNode&, std::vector<cv::KeyPoint>&)[m[Kâ€™
 1292 | void [01;36m[Koperator[m[K >> (const FileNode& n, std::vector<KeyPoint>& vec)
      |      [01;36m[K^~~~~~~~[m[K
[01m[K/usr/include/opencv4/opencv2/core/persistence.hpp:1292:35:[m[K [01;36m[Knote: [m[K  no known conversion for argument 1 from â€˜[01m[Kcv::Mat[m[Kâ€™ to â€˜[01m[Kconst cv::FileNode&[m[Kâ€™
 1292 | void operator >> ([01;36m[Kconst FileNode& n[m[K, std::vector<KeyPoint>& vec)
      |                   [01;36m[K~~~~~~~~~~~~~~~~^[m[K
[01m[K/usr/include/opencv4/opencv2/core/persistence.hpp:1297:6:[m[K [01;36m[Knote: [m[Kcandidate: â€˜[01m[Kvoid cv::operator>>(const cv::FileNode&, std::vector<cv::DMatch>&)[m[Kâ€™
 1297 | void [01;36m[Koperator[m[K >> (const FileNode& n, std::vector<DMatch>& vec)
      |      [01;36m[K^~~~~~~~[m[K
[01m[K/usr/include/opencv4/opencv2/core/persistence.hpp:1297:35:[m[K [01;36m[Knote: [m[K  no known conversion for argument 1 from â€˜[01m[Kcv::Mat[m[Kâ€™ to â€˜[01m[Kconst cv::FileNode&[m[Kâ€™
 1297 | void operator >> ([01;36m[Kconst FileNode& n[m[K, std::vector<DMatch>& vec)
      |                   [01;36m[K~~~~~~~~~~~~~~~~^[m[K
[01m[K/usr/include/opencv4/opencv2/core/persistence.hpp:1307:6:[m[K [01;36m[Knote: [m[Kcandidate: â€˜[01m[Kvoid cv::operator>>(const cv::FileNode&, cv::DMatch&)[m[Kâ€™
 1307 | void [01;36m[Koperator[m[K >> (const FileNode& n, DMatch& m)
      |      [01;36m[K^~~~~~~~[m[K
[01m[K/usr/include/opencv4/opencv2/core/persistence.hpp:1307:35:[m[K [01;36m[Knote: [m[K  no known conversion for argument 1 from â€˜[01m[Kcv::Mat[m[Kâ€™ to â€˜[01m[Kconst cv::FileNode&[m[Kâ€™
 1307 | void operator >> ([01;36m[Kconst FileNode& n[m[K, DMatch& m)
      |                   [01;36m[K~~~~~~~~~~~~~~~~^[m[K
[01m[K/home/azraa/ros2_ws/src/flir_lepton/flir_lepton_capture/src/flir_lepton_capture.cpp:435:38:[m[K [01;31m[Kerror: [m[Kâ€˜[01m[Kgreyscale[m[Kâ€™ was not declared in this scope; did you mean â€˜[01m[Kgrayscale[m[Kâ€™?
  435 |       cv::cvtColor(uint8_t(data>>8), [01;31m[Kgreyscale[m[K, CV_GRAY2BGR);
      |                                      [01;31m[K^~~~~~~~~[m[K
      |                                      [32m[Kgrayscale[m[K
[01m[K/home/azraa/ros2_ws/src/flir_lepton/flir_lepton_capture/src/flir_lepton_capture.cpp:449:21:[m[K [01;31m[Kerror: [m[Kâ€˜[01m[Kusing SharedPtr = class std::shared_ptr<rclcpp::Publisher<flir_lepton_msgs::msg::RawData_<std::allocator<void> > > >[m[Kâ€™ {aka â€˜[01m[Kclass std::shared_ptr<rclcpp::Publisher<flir_lepton_msgs::msg::RawData_<std::allocator<void> > > >[m[Kâ€™} has no member named â€˜[01m[Kpublish[m[Kâ€™
  449 |       raw_data_pub_.[01;31m[Kpublish[m[K(raw_data);
      |                     [01;31m[K^~~~~~~[m[K
[01m[K/home/azraa/ros2_ws/src/flir_lepton/flir_lepton_capture/src/flir_lepton_capture.cpp:450:31:[m[K [01;31m[Kerror: [m[Kâ€˜[01m[Kgray_image[m[Kâ€™ was not declared in this scope; did you mean â€˜[01m[Kgray_img[m[Kâ€™?
  450 |       gray_image_pub_.publish([01;31m[Kgray_image[m[K);
      |                               [01;31m[K^~~~~~~~~~[m[K
      |                               [32m[Kgray_img[m[K
[01m[K/home/azraa/ros2_ws/src/flir_lepton/flir_lepton_capture/src/flir_lepton_capture.cpp:[m[K In function â€˜[01m[Kvoid flir_lepton::gst_eos_cb(GstAppSink*, gpointer)[m[Kâ€™:
[01m[K/home/azraa/ros2_ws/src/flir_lepton/flir_lepton_capture/src/flir_lepton_capture.cpp:506:30:[m[K [01;35m[Kwarning: [m[Kunused parameter â€˜[01m[Kappsink[m[Kâ€™ [[01;35m[K-Wunused-parameter[m[K]
  506 | void gst_eos_cb([01;35m[KGstAppSink * appsink[m[K, gpointer user_data)
      |                 [01;35m[K~~~~~~~~~~~~~^~~~~~~[m[K
[01m[K/home/azraa/ros2_ws/src/flir_lepton/flir_lepton_capture/src/flir_lepton_capture.cpp:506:48:[m[K [01;35m[Kwarning: [m[Kunused parameter â€˜[01m[Kuser_data[m[Kâ€™ [[01;35m[K-Wunused-parameter[m[K]
  506 | void gst_eos_cb(GstAppSink * appsink, [01;35m[Kgpointer user_data[m[K)
      |                                       [01;35m[K~~~~~~~~~^~~~~~~~~[m[K
[01m[K/home/azraa/ros2_ws/src/flir_lepton/flir_lepton_capture/src/flir_lepton_capture.cpp:[m[K In function â€˜[01m[KGstFlowReturn flir_lepton::gst_new_preroll_cb(GstAppSink*, gpointer)[m[Kâ€™:
[01m[K/home/azraa/ros2_ws/src/flir_lepton/flir_lepton_capture/src/flir_lepton_capture.cpp:509:47:[m[K [01;35m[Kwarning: [m[Kunused parameter â€˜[01m[Kappsink[m[Kâ€™ [[01;35m[K-Wunused-parameter[m[K]
  509 | GstFlowReturn gst_new_preroll_cb([01;35m[KGstAppSink * appsink[m[K, gpointer user_data)
      |                                  [01;35m[K~~~~~~~~~~~~~^~~~~~~[m[K
[01m[K/home/azraa/ros2_ws/src/flir_lepton/flir_lepton_capture/src/flir_lepton_capture.cpp:509:65:[m[K [01;35m[Kwarning: [m[Kunused parameter â€˜[01m[Kuser_data[m[Kâ€™ [[01;35m[K-Wunused-parameter[m[K]
  509 | stFlowReturn gst_new_preroll_cb(GstAppSink * appsink, [01;35m[Kgpointer user_data[m[K)
      |                                                       [01;35m[K~~~~~~~~~^~~~~~~~~[m[K

[01m[K/home/azraa/ros2_ws/src/flir_lepton/flir_lepton_capture/src/flir_lepton_capture.cpp:[m[K In function â€˜[01m[KGstFlowReturn flir_lepton::gst_new_asample_cb(GstAppSink*, gpointer)[m[Kâ€™:
[01m[K/home/azraa/ros2_ws/src/flir_lepton/flir_lepton_capture/src/flir_lepton_capture.cpp:513:47:[m[K [01;35m[Kwarning: [m[Kunused parameter â€˜[01m[Kappsink[m[Kâ€™ [[01;35m[K-Wunused-parameter[m[K]
  513 | GstFlowReturn gst_new_asample_cb([01;35m[KGstAppSink * appsink[m[K, gpointer user_data)
      |                                  [01;35m[K~~~~~~~~~~~~~^~~~~~~[m[K
[01m[K/home/azraa/ros2_ws/src/flir_lepton/flir_lepton_capture/src/flir_lepton_capture.cpp:513:65:[m[K [01;35m[Kwarning: [m[Kunused parameter â€˜[01m[Kuser_data[m[Kâ€™ [[01;35m[K-Wunused-parameter[m[K]
  513 | stFlowReturn gst_new_asample_cb(GstAppSink * appsink, [01;35m[Kgpointer user_data[m[K)
      |                                                       [01;35m[K~~~~~~~~~^~~~~~~~~[m[K

make[2]: *** [CMakeFiles/flir_lepton_publisher.dir/build.make:63: CMakeFiles/flir_lepton_publisher.dir/src/flir_lepton_capture.cpp.o] Error 1
make[1]: *** [CMakeFiles/Makefile2:78: CMakeFiles/flir_lepton_publisher.dir/all] Error 2
make: *** [Makefile:141: all] Error 2
